e:\hzzgame\hzzgame\cocos2d\cocos\2d\debug.win32\cceventassetsmanagerex.obj
e:\hzzgame\hzzgame\cocos2d\cocos\2d\debug.win32\manifest.obj
e:\hzzgame\hzzgame\cocos2d\cocos\2d\debug.win32\cccontrolcolourpicker.obj
e:\hzzgame\hzzgame\cocos2d\cocos\2d\debug.win32\cccontrolslider.obj
e:\hzzgame\hzzgame\cocos2d\cocos\2d\debug.win32\ccinvocation.obj
e:\hzzgame\hzzgame\cocos2d\cocos\2d\debug.win32\ccparticle3daffector.obj
e:\hzzgame\hzzgame\cocos2d\cocos\2d\debug.win32\ccpuaffector.obj
e:\hzzgame\hzzgame\cocos2d\cocos\2d\debug.win32\ccpualignaffector.obj
e:\hzzgame\hzzgame\cocos2d\cocos\2d\debug.win32\ccpubasecollider.obj
e:\hzzgame\hzzgame\cocos2d\cocos\2d\debug.win32\ccpubeamrender.obj
e:\hzzgame\hzzgame\cocos2d\cocos\2d\debug.win32\ccpuboxemittertranslator.obj
e:\hzzgame\hzzgame\cocos2d\cocos\2d\debug.win32\ccpucollisionavoidanceaffectortranslator.obj
e:\hzzgame\hzzgame\cocos2d\cocos\2d\debug.win32\ccpudoaffectoreventhandlertranslator.obj
e:\hzzgame\hzzgame\cocos2d\cocos\2d\debug.win32\ccpudofreezeeventhandler.obj
e:\hzzgame\hzzgame\cocos2d\cocos\2d\debug.win32\ccpudoplacementparticleeventhandlertranslator.obj
e:\hzzgame\hzzgame\cocos2d\cocos\2d\debug.win32\ccpudynamicattribute.obj
e:\hzzgame\hzzgame\cocos2d\cocos\2d\debug.win32\ccpuemitter.obj
e:\hzzgame\hzzgame\cocos2d\cocos\2d\debug.win32\ccpueventhandler.obj
e:\hzzgame\hzzgame\cocos2d\cocos\2d\debug.win32\ccpuflockcenteringaffectortranslator.obj
e:\hzzgame\hzzgame\cocos2d\cocos\2d\debug.win32\ccpugeometryrotatortranslator.obj
e:\hzzgame\hzzgame\cocos2d\cocos\2d\debug.win32\ccpuinterparticlecollidertranslator.obj
e:\hzzgame\hzzgame\cocos2d\cocos\2d\debug.win32\ccpulinearforceaffector.obj
e:\hzzgame\hzzgame\cocos2d\cocos\2d\debug.win32\ccpulistener.obj
e:\hzzgame\hzzgame\cocos2d\cocos\2d\debug.win32\ccpumeshsurfaceemitter.obj
e:\hzzgame\hzzgame\cocos2d\cocos\2d\debug.win32\ccpuobserver.obj
e:\hzzgame\hzzgame\cocos2d\cocos\2d\debug.win32\ccpuonclearobservertranslator.obj
e:\hzzgame\hzzgame\cocos2d\cocos\2d\debug.win32\ccpuonemissionobserver.obj
e:\hzzgame\hzzgame\cocos2d\cocos\2d\debug.win32\ccpuoneventflagobservertranslator.obj
e:\hzzgame\hzzgame\cocos2d\cocos\2d\debug.win32\ccpuonquotaobserver.obj
e:\hzzgame\hzzgame\cocos2d\cocos\2d\debug.win32\ccpuonrandomobservertranslator.obj
e:\hzzgame\hzzgame\cocos2d\cocos\2d\debug.win32\ccpuparticlefollower.obj
e:\hzzgame\hzzgame\cocos2d\cocos\2d\debug.win32\ccpuparticlesystem3dtranslator.obj
e:\hzzgame\hzzgame\cocos2d\cocos\2d\debug.win32\ccpuplane.obj
e:\hzzgame\hzzgame\cocos2d\cocos\2d\debug.win32\ccpupointemittertranslator.obj
e:\hzzgame\hzzgame\cocos2d\cocos\2d\debug.win32\ccpurandomisertranslator.obj
e:\hzzgame\hzzgame\cocos2d\cocos\2d\debug.win32\ccpuribbontrailrender.obj
e:\hzzgame\hzzgame\cocos2d\cocos\2d\debug.win32\ccpuscriptcompiler.obj
e:\hzzgame\hzzgame\cocos2d\cocos\2d\debug.win32\ccpuslavebehaviour.obj
e:\hzzgame\hzzgame\cocos2d\cocos\2d\debug.win32\ccpuslaveemittertranslator.obj
e:\hzzgame\hzzgame\cocos2d\cocos\2d\debug.win32\ccpuspheresurfaceemittertranslator.obj
e:\hzzgame\hzzgame\cocos2d\cocos\2d\debug.win32\ccputexturerotator.obj
e:\hzzgame\hzzgame\cocos2d\cocos\2d\debug.win32\ccpuvelocitymatchingaffector.obj
e:\hzzgame\hzzgame\cocos2d\cocos\2d\debug.win32\ccpuvortexaffectortranslator.obj
e:\hzzgame\hzzgame\cocos2d\cocos\2d\debug.win32\convertutf.obj
e:\hzzgame\hzzgame\cocos2d\cocos\2d\debug.win32\idl_gen_cpp.obj
e:\hzzgame\hzzgame\cocos2d\cocos\2d\debug.win32\idl_gen_text.obj
e:\hzzgame\hzzgame\cocos2d\cocos\2d\debug.win32\cdt.obj
e:\hzzgame\hzzgame\cocos2d\cocos\2d\debug.win32\sweep_context.obj
e:\hzzgame\hzzgame\cocos2d\cocos\2d\debug.win32\ccanimate3d.obj
e:\hzzgame\hzzgame\cocos2d\cocos\2d\debug.win32\ccmotionstreak3d.obj
e:\hzzgame\hzzgame\cocos2d\cocos\2d\debug.win32\ccplane.obj
e:\hzzgame\hzzgame\cocos2d\cocos\2d\debug.win32\ccskybox.obj
e:\hzzgame\hzzgame\cocos2d\cocos\2d\debug.win32\audioengine.obj
e:\hzzgame\hzzgame\cocos2d\cocos\2d\debug.win32\mciplayer.obj
e:\hzzgame\hzzgame\cocos2d\cocos\2d\debug.win32\ccallocatorglobal.obj
e:\hzzgame\hzzgame\cocos2d\cocos\2d\debug.win32\ccallocatorglobalnewdelete.obj
e:\hzzgame\hzzgame\cocos2d\cocos\2d\debug.win32\cccarray.obj
e:\hzzgame\hzzgame\cocos2d\cocos\2d\debug.win32\ccconsole.obj
e:\hzzgame\hzzgame\cocos2d\cocos\2d\debug.win32\cceventcustom.obj
e:\hzzgame\hzzgame\cocos2d\cocos\2d\debug.win32\cceventdispatcher.obj
e:\hzzgame\hzzgame\cocos2d\cocos\2d\debug.win32\cceventlistenertouch.obj
e:\hzzgame\hzzgame\cocos2d\cocos\2d\debug.win32\ccfpsimages.obj
e:\hzzgame\hzzgame\cocos2d\cocos\2d\debug.win32\ccimedispatcher.obj
e:\hzzgame\hzzgame\cocos2d\cocos\2d\debug.win32\ccprofiling.obj
e:\hzzgame\hzzgame\cocos2d\cocos\2d\debug.win32\ccref.obj
e:\hzzgame\hzzgame\cocos2d\cocos\2d\debug.win32\cctypes.obj
e:\hzzgame\hzzgame\cocos2d\cocos\2d\debug.win32\ccutils.obj
e:\hzzgame\hzzgame\cocos2d\cocos\2d\debug.win32\ccstring.obj
e:\hzzgame\hzzgame\cocos2d\cocos\2d\debug.win32\ccbkeyframe.obj
e:\hzzgame\hzzgame\cocos2d\cocos\2d\debug.win32\ccbreader.obj
e:\hzzgame\hzzgame\cocos2d\cocos\2d\debug.win32\cclabelbmfontloader.obj
e:\hzzgame\hzzgame\cocos2d\cocos\2d\debug.win32\cclayerloader.obj
e:\hzzgame\hzzgame\cocos2d\cocos\2d\debug.win32\ccnodeloader.obj
e:\hzzgame\hzzgame\cocos2d\cocos\2d\debug.win32\ccscrollviewloader.obj
e:\hzzgame\hzzgame\cocos2d\cocos\2d\debug.win32\ccactiontimelinenode.obj
e:\hzzgame\hzzgame\cocos2d\cocos\2d\debug.win32\ccactionobject.obj
e:\hzzgame\hzzgame\cocos2d\cocos\2d\debug.win32\ccarmatureanimation.obj
e:\hzzgame\hzzgame\cocos2d\cocos\2d\debug.win32\ccarmaturedefine.obj
e:\hzzgame\hzzgame\cocos2d\cocos\2d\debug.win32\ccbatchnode.obj
e:\hzzgame\hzzgame\cocos2d\cocos\2d\debug.win32\cccomcontroller.obj
e:\hzzgame\hzzgame\cocos2d\cocos\2d\debug.win32\ccdatas.obj
e:\hzzgame\hzzgame\cocos2d\cocos\2d\debug.win32\ccdisplayfactory.obj
e:\hzzgame\hzzgame\cocos2d\cocos\2d\debug.win32\cccomextensiondata.obj
e:\hzzgame\hzzgame\cocos2d\cocos\2d\debug.win32\ccskin.obj
e:\hzzgame\hzzgame\cocos2d\cocos\2d\debug.win32\cctween.obj
e:\hzzgame\hzzgame\cocos2d\cocos\2d\debug.win32\localizationmanager.obj
e:\hzzgame\hzzgame\cocos2d\cocos\2d\debug.win32\triggerbase.obj
e:\hzzgame\hzzgame\cocos2d\cocos\2d\debug.win32\widgetcallbackhandlerprotocol.obj
e:\hzzgame\hzzgame\cocos2d\cocos\2d\debug.win32\buttonreader.obj
e:\hzzgame\hzzgame\cocos2d\cocos\2d\debug.win32\comaudioreader.obj
e:\hzzgame\hzzgame\cocos2d\cocos\2d\debug.win32\loadingbarreader.obj
e:\hzzgame\hzzgame\cocos2d\cocos\2d\debug.win32\projectnodereader.obj
e:\hzzgame\hzzgame\cocos2d\cocos\2d\debug.win32\sliderreader.obj
e:\hzzgame\hzzgame\cocos2d\cocos\2d\debug.win32\spritereader.obj
e:\hzzgame\hzzgame\cocos2d\cocos\2d\debug.win32\sprite3dreader.obj
e:\hzzgame\hzzgame\cocos2d\cocos\2d\debug.win32\ccgeometry.obj
e:\hzzgame\hzzgame\cocos2d\cocos\2d\debug.win32\mat4.obj
e:\hzzgame\hzzgame\cocos2d\cocos\2d\debug.win32\quaternion.obj
e:\hzzgame\hzzgame\cocos2d\cocos\2d\debug.win32\vec2.obj
e:\hzzgame\hzzgame\cocos2d\cocos\2d\debug.win32\vec4.obj
e:\hzzgame\hzzgame\cocos2d\cocos\2d\debug.win32\ccnavmeshagent.obj
e:\hzzgame\hzzgame\cocos2d\cocos\2d\debug.win32\ccnavmeshobstacle.obj
e:\hzzgame\hzzgame\cocos2d\cocos\2d\debug.win32\httpclient.obj
e:\hzzgame\hzzgame\cocos2d\cocos\2d\debug.win32\ccphysics3dcomponent.obj
e:\hzzgame\hzzgame\cocos2d\cocos\2d\debug.win32\ccphysics3dshape.obj
e:\hzzgame\hzzgame\cocos2d\cocos\2d\debug.win32\ccphysicssprite3d.obj
e:\hzzgame\hzzgame\cocos2d\cocos\2d\debug.win32\ccimage.obj
e:\hzzgame\hzzgame\cocos2d\cocos\2d\debug.win32\ccfileutils-win32.obj
e:\hzzgame\hzzgame\cocos2d\cocos\2d\debug.win32\ccglprogramcache.obj
e:\hzzgame\hzzgame\cocos2d\cocos\2d\debug.win32\ccmeshcommand.obj
e:\hzzgame\hzzgame\cocos2d\cocos\2d\debug.win32\ccshaders.obj
e:\hzzgame\hzzgame\cocos2d\cocos\2d\debug.win32\cctexture2d.obj
e:\hzzgame\hzzgame\cocos2d\cocos\2d\debug.win32\ccvertexattribbinding.obj
e:\hzzgame\hzzgame\cocos2d\cocos\2d\debug.win32\uicheckbox.obj
e:\hzzgame\hzzgame\cocos2d\cocos\2d\debug.win32\uieditbox.obj
e:\hzzgame\hzzgame\cocos2d\cocos\2d\debug.win32\uiimageview.obj
e:\hzzgame\hzzgame\cocos2d\cocos\2d\debug.win32\uilayoutparameter.obj
e:\hzzgame\hzzgame\cocos2d\cocos\2d\debug.win32\uipageview.obj
e:\hzzgame\hzzgame\cocos2d\cocos\2d\debug.win32\uiscale9sprite.obj
e:\hzzgame\hzzgame\cocos2d\cocos\2d\debug.win32\uitabcontrol.obj
e:\hzzgame\hzzgame\cocos2d\cocos\2d\debug.win32\uitextfield.obj
e:\hzzgame\hzzgame\cocos2d\cocos\2d\debug.win32\ccactioncatmullrom.obj
e:\hzzgame\hzzgame\cocos2d\cocos\2d\debug.win32\ccactioninstant.obj
e:\hzzgame\hzzgame\cocos2d\cocos\2d\debug.win32\ccactionprogresstimer.obj
e:\hzzgame\hzzgame\cocos2d\cocos\2d\debug.win32\ccactiontween.obj
e:\hzzgame\hzzgame\cocos2d\cocos\2d\debug.win32\ccautopolygon.obj
e:\hzzgame\hzzgame\cocos2d\cocos\2d\debug.win32\ccclippingrectanglenode.obj
e:\hzzgame\hzzgame\cocos2d\cocos\2d\debug.win32\ccdrawnode.obj
e:\hzzgame\hzzgame\cocos2d\cocos\2d\debug.win32\ccfontfnt.obj
e:\hzzgame\hzzgame\cocos2d\cocos\2d\debug.win32\cclabelbmfont.obj
e:\hzzgame\hzzgame\cocos2d\cocos\2d\debug.win32\cclayer.obj
e:\hzzgame\hzzgame\cocos2d\cocos\2d\debug.win32\ccnode.obj
e:\hzzgame\hzzgame\cocos2d\cocos\2d\debug.win32\ccparticlesystemquad.obj
e:\hzzgame\hzzgame\cocos2d\cocos\2d\debug.win32\ccspritebatchnode.obj
e:\hzzgame\hzzgame\cocos2d\cocos\2d\debug.win32\cctilemapatlas.obj
e:\hzzgame\hzzgame\cocos2d\cocos\2d\debug.win32\cctmxxmlparser.obj
e:\hzzgame\hzzgame\cocos2d\cocos\2d\debug.win32\cctransitionpageturn.obj
e:\hzzgame\hzzgame\cocos2d\cocos\2d\debug.win32\assetsmanagerex.obj
e:\hzzgame\hzzgame\cocos2d\cocos\2d\debug.win32\cccontrolhuepicker.obj
e:\hzzgame\hzzgame\cocos2d\cocos\2d\debug.win32\cccontrolstepper.obj
e:\hzzgame\hzzgame\cocos2d\cocos\2d\debug.win32\ccscrollview.obj
e:\hzzgame\hzzgame\cocos2d\cocos\2d\debug.win32\ccpuaffectormanager.obj
e:\hzzgame\hzzgame\cocos2d\cocos\2d\debug.win32\ccpualignaffectortranslator.obj
e:\hzzgame\hzzgame\cocos2d\cocos\2d\debug.win32\ccpubaseforceaffectortranslator.obj
e:\hzzgame\hzzgame\cocos2d\cocos\2d\debug.win32\ccpubehaviourtranslator.obj
e:\hzzgame\hzzgame\cocos2d\cocos\2d\debug.win32\ccpuboxcollidertranslator.obj
e:\hzzgame\hzzgame\cocos2d\cocos\2d\debug.win32\ccpucircleemitter.obj
e:\hzzgame\hzzgame\cocos2d\cocos\2d\debug.win32\ccpucoloraffector.obj
e:\hzzgame\hzzgame\cocos2d\cocos\2d\debug.win32\ccpudoenablecomponenteventhandler.obj
e:\hzzgame\hzzgame\cocos2d\cocos\2d\debug.win32\ccpudoexpireeventhandlertranslator.obj
e:\hzzgame\hzzgame\cocos2d\cocos\2d\debug.win32\ccpudoscaleeventhandler.obj
e:\hzzgame\hzzgame\cocos2d\cocos\2d\debug.win32\ccpudostopsystemeventhandlertranslator.obj
e:\hzzgame\hzzgame\cocos2d\cocos\2d\debug.win32\ccpuemittertranslator.obj
e:\hzzgame\hzzgame\cocos2d\cocos\2d\debug.win32\ccpuflockcenteringaffector.obj
e:\hzzgame\hzzgame\cocos2d\cocos\2d\debug.win32\ccpuforcefieldaffectortranslator.obj
e:\hzzgame\hzzgame\cocos2d\cocos\2d\debug.win32\ccpugravityaffectortranslator.obj
e:\hzzgame\hzzgame\cocos2d\cocos\2d\debug.win32\ccpujetaffectortranslator.obj
e:\hzzgame\hzzgame\cocos2d\cocos\2d\debug.win32\ccpulinearforceaffectortranslator.obj
e:\hzzgame\hzzgame\cocos2d\cocos\2d\debug.win32\ccpumaterialmanager.obj
e:\hzzgame\hzzgame\cocos2d\cocos\2d\debug.win32\ccpuobservermanager.obj
e:\hzzgame\hzzgame\cocos2d\cocos\2d\debug.win32\ccpuoncollisionobservertranslator.obj
e:\hzzgame\hzzgame\cocos2d\cocos\2d\debug.win32\ccpuonemissionobservertranslator.obj
e:\hzzgame\hzzgame\cocos2d\cocos\2d\debug.win32\ccpuonpositionobserver.obj
e:\hzzgame\hzzgame\cocos2d\cocos\2d\debug.win32\ccpuonquotaobservertranslator.obj
e:\hzzgame\hzzgame\cocos2d\cocos\2d\debug.win32\ccpuonvelocityobserver.obj
e:\hzzgame\hzzgame\cocos2d\cocos\2d\debug.win32\ccpuparticlefollowertranslator.obj
e:\hzzgame\hzzgame\cocos2d\cocos\2d\debug.win32\ccpupathfollowertranslator.obj
e:\hzzgame\hzzgame\cocos2d\cocos\2d\debug.win32\ccpupointemitter.obj
e:\hzzgame\hzzgame\cocos2d\cocos\2d\debug.win32\ccpurandomiser.obj
e:\hzzgame\hzzgame\cocos2d\cocos\2d\debug.win32\ccpurenderertranslator.obj
e:\hzzgame\hzzgame\cocos2d\cocos\2d\debug.win32\ccpuscaleaffector.obj
e:\hzzgame\hzzgame\cocos2d\cocos\2d\debug.win32\ccpuscalevelocityaffector.obj
e:\hzzgame\hzzgame\cocos2d\cocos\2d\debug.win32\ccpuscriptparser.obj
e:\hzzgame\hzzgame\cocos2d\cocos\2d\debug.win32\ccpusimplespline.obj
e:\hzzgame\hzzgame\cocos2d\cocos\2d\debug.win32\ccpusineforceaffectortranslator.obj
e:\hzzgame\hzzgame\cocos2d\cocos\2d\debug.win32\ccpusphere.obj
e:\hzzgame\hzzgame\cocos2d\cocos\2d\debug.win32\ccpuspheresurfaceemitter.obj
e:\hzzgame\hzzgame\cocos2d\cocos\2d\debug.win32\ccputextureanimatortranslator.obj
e:\hzzgame\hzzgame\cocos2d\cocos\2d\debug.win32\ccpuutil.obj
e:\hzzgame\hzzgame\cocos2d\cocos\2d\debug.win32\ccpuvelocitymatchingaffectortranslator.obj
e:\hzzgame\hzzgame\cocos2d\cocos\2d\debug.win32\ccphysicsdebugnode.obj
e:\hzzgame\hzzgame\cocos2d\cocos\2d\debug.win32\edtaa3func.obj
e:\hzzgame\hzzgame\cocos2d\cocos\2d\debug.win32\flatc.obj
e:\hzzgame\hzzgame\cocos2d\cocos\2d\debug.win32\idl_gen_go.obj
e:\hzzgame\hzzgame\cocos2d\cocos\2d\debug.win32\advancing_front.obj
e:\hzzgame\hzzgame\cocos2d\cocos\2d\debug.win32\sweep.obj
e:\hzzgame\hzzgame\cocos2d\cocos\2d\debug.win32\unzip.obj
e:\hzzgame\hzzgame\cocos2d\cocos\2d\debug.win32\ccaabb.obj
e:\hzzgame\hzzgame\cocos2d\cocos\2d\debug.win32\ccbillboard.obj
e:\hzzgame\hzzgame\cocos2d\cocos\2d\debug.win32\ccmesh.obj
e:\hzzgame\hzzgame\cocos2d\cocos\2d\debug.win32\ccray.obj
e:\hzzgame\hzzgame\cocos2d\cocos\2d\debug.win32\ccsprite3dmaterial.obj
e:\hzzgame\hzzgame\cocos2d\cocos\2d\debug.win32\audiocache.obj
e:\hzzgame\hzzgame\cocos2d\cocos\2d\debug.win32\simpleaudioengine.obj
e:\hzzgame\hzzgame\cocos2d\cocos\2d\debug.win32\cceventlistenercustom.obj
e:\hzzgame\hzzgame\cocos2d\cocos\2d\debug.win32\cceventlistenerfocus.obj
e:\hzzgame\hzzgame\cocos2d\cocos\2d\debug.win32\cceventlistenermouse.obj
e:\hzzgame\hzzgame\cocos2d\cocos\2d\debug.win32\cceventtouch.obj
e:\hzzgame\hzzgame\cocos2d\cocos\2d\debug.win32\ccninepatchimageparser.obj
e:\hzzgame\hzzgame\cocos2d\cocos\2d\debug.win32\ccproperties.obj
e:\hzzgame\hzzgame\cocos2d\cocos\2d\debug.win32\cctouch.obj
e:\hzzgame\hzzgame\cocos2d\cocos\2d\debug.win32\ccvalue.obj
e:\hzzgame\hzzgame\cocos2d\cocos\2d\debug.win32\cocos2d.obj
e:\hzzgame\hzzgame\cocos2d\cocos\2d\debug.win32\ccarray.obj
e:\hzzgame\hzzgame\cocos2d\cocos\2d\debug.win32\ccnotificationcenter.obj
e:\hzzgame\hzzgame\cocos2d\cocos\2d\debug.win32\ccbanimationmanager.obj
e:\hzzgame\hzzgame\cocos2d\cocos\2d\debug.win32\ccbsequenceproperty.obj
e:\hzzgame\hzzgame\cocos2d\cocos\2d\debug.win32\cccontrolbuttonloader.obj
e:\hzzgame\hzzgame\cocos2d\cocos\2d\debug.win32\cclayergradientloader.obj
e:\hzzgame\hzzgame\cocos2d\cocos\2d\debug.win32\ccnode+ccbrelativepositioning.obj
e:\hzzgame\hzzgame\cocos2d\cocos\2d\debug.win32\ccparticlesystemquadloader.obj
e:\hzzgame\hzzgame\cocos2d\cocos\2d\debug.win32\ccactiontimeline.obj
e:\hzzgame\hzzgame\cocos2d\cocos\2d\debug.win32\ccbonenode.obj
e:\hzzgame\hzzgame\cocos2d\cocos\2d\debug.win32\ccskinnode.obj
e:\hzzgame\hzzgame\cocos2d\cocos\2d\debug.win32\cctimeline.obj
e:\hzzgame\hzzgame\cocos2d\cocos\2d\debug.win32\ccactionframe.obj
e:\hzzgame\hzzgame\cocos2d\cocos\2d\debug.win32\ccactionframeeasing.obj
e:\hzzgame\hzzgame\cocos2d\cocos\2d\debug.win32\ccactionmanagerex.obj
e:\hzzgame\hzzgame\cocos2d\cocos\2d\debug.win32\ccarmature.obj
e:\hzzgame\hzzgame\cocos2d\cocos\2d\debug.win32\ccbone.obj
e:\hzzgame\hzzgame\cocos2d\cocos\2d\debug.win32\cccomaudio.obj
e:\hzzgame\hzzgame\cocos2d\cocos\2d\debug.win32\ccdatareaderhelper.obj
e:\hzzgame\hzzgame\cocos2d\cocos\2d\debug.win32\ccinputdelegate.obj
e:\hzzgame\hzzgame\cocos2d\cocos\2d\debug.win32\ccsguireader.obj
e:\hzzgame\hzzgame\cocos2d\cocos\2d\debug.win32\cctransformhelp.obj
e:\hzzgame\hzzgame\cocos2d\cocos\2d\debug.win32\ccutilmath.obj
e:\hzzgame\hzzgame\cocos2d\cocos\2d\debug.win32\dictionaryhelper.obj
e:\hzzgame\hzzgame\cocos2d\cocos\2d\debug.win32\flatbuffersserialize.obj
e:\hzzgame\hzzgame\cocos2d\cocos\2d\debug.win32\armaturenodereader.obj
e:\hzzgame\hzzgame\cocos2d\cocos\2d\debug.win32\gamenode3dreader.obj
e:\hzzgame\hzzgame\cocos2d\cocos\2d\debug.win32\nodereaderprotocol.obj
e:\hzzgame\hzzgame\cocos2d\cocos\2d\debug.win32\nodereader.obj
e:\hzzgame\hzzgame\cocos2d\cocos\2d\debug.win32\bonenodereader.obj
e:\hzzgame\hzzgame\cocos2d\cocos\2d\debug.win32\textatlasreader.obj
e:\hzzgame\hzzgame\cocos2d\cocos\2d\debug.win32\textfieldreader.obj
e:\hzzgame\hzzgame\cocos2d\cocos\2d\debug.win32\node3dreader.obj
e:\hzzgame\hzzgame\cocos2d\cocos\2d\debug.win32\ccnavmeshdebugdraw.obj
e:\hzzgame\hzzgame\cocos2d\cocos\2d\debug.win32\ccdownloader-curl.obj
e:\hzzgame\hzzgame\cocos2d\cocos\2d\debug.win32\websocket.obj
e:\hzzgame\hzzgame\cocos2d\cocos\2d\debug.win32\ccphysics3ddebugdrawer.obj
e:\hzzgame\hzzgame\cocos2d\cocos\2d\debug.win32\ccphysicscontact.obj
e:\hzzgame\hzzgame\cocos2d\cocos\2d\debug.win32\ccphysicsworld.obj
e:\hzzgame\hzzgame\cocos2d\cocos\2d\debug.win32\ccsaxparser.obj
e:\hzzgame\hzzgame\cocos2d\cocos\2d\debug.win32\ccapplication-win32.obj
e:\hzzgame\hzzgame\cocos2d\cocos\2d\debug.win32\ccstdc-win32.obj
e:\hzzgame\hzzgame\cocos2d\cocos\2d\debug.win32\ccframebuffer.obj
e:\hzzgame\hzzgame\cocos2d\cocos\2d\debug.win32\ccglprogramstatecache.obj
e:\hzzgame\hzzgame\cocos2d\cocos\2d\debug.win32\ccgroupcommand.obj
e:\hzzgame\hzzgame\cocos2d\cocos\2d\debug.win32\ccpass.obj
e:\hzzgame\hzzgame\cocos2d\cocos\2d\debug.win32\ccrendercommand.obj
e:\hzzgame\hzzgame\cocos2d\cocos\2d\debug.win32\cctechnique.obj
e:\hzzgame\hzzgame\cocos2d\cocos\2d\debug.win32\cctexturecache.obj
e:\hzzgame\hzzgame\cocos2d\cocos\2d\debug.win32\cctexturecube.obj
e:\hzzgame\hzzgame\cocos2d\cocos\2d\debug.win32\ccvertexindexdata.obj
e:\hzzgame\hzzgame\cocos2d\cocos\2d\debug.win32\localstorage.obj
e:\hzzgame\hzzgame\cocos2d\cocos\2d\debug.win32\uibutton.obj
e:\hzzgame\hzzgame\cocos2d\cocos\2d\debug.win32\uideprecated.obj
e:\hzzgame\hzzgame\cocos2d\cocos\2d\debug.win32\uihelper.obj
e:\hzzgame\hzzgame\cocos2d\cocos\2d\debug.win32\uilayoutmanager.obj
e:\hzzgame\hzzgame\cocos2d\cocos\2d\debug.win32\uiloadingbar.obj
e:\hzzgame\hzzgame\cocos2d\cocos\2d\debug.win32\uirichtext.obj
e:\hzzgame\hzzgame\cocos2d\cocos\2d\debug.win32\uitextatlas.obj
e:\hzzgame\hzzgame\cocos2d\cocos\2d\debug.win32\uiwebview.obj
e:\hzzgame\hzzgame\cocos2d\cocos\2d\debug.win32\uiwidget.obj
e:\hzzgame\hzzgame\cocos2d\cocos\2d\debug.win32\ccactionease.obj
e:\hzzgame\hzzgame\cocos2d\cocos\2d\debug.win32\ccactioninterval.obj
e:\hzzgame\hzzgame\cocos2d\cocos\2d\debug.win32\ccanimationcache.obj
e:\hzzgame\hzzgame\cocos2d\cocos\2d\debug.win32\cccamerabackgroundbrush.obj
e:\hzzgame\hzzgame\cocos2d\cocos\2d\debug.win32\ccfasttmxlayer.obj
e:\hzzgame\hzzgame\cocos2d\cocos\2d\debug.win32\ccfontcharmap.obj
e:\hzzgame\hzzgame\cocos2d\cocos\2d\debug.win32\ccgrid.obj
e:\hzzgame\hzzgame\cocos2d\cocos\2d\debug.win32\cclabeltextformatter.obj
e:\hzzgame\hzzgame\cocos2d\cocos\2d\debug.win32\ccmenu.obj
e:\hzzgame\hzzgame\cocos2d\cocos\2d\debug.win32\ccnodegrid.obj
e:\hzzgame\hzzgame\cocos2d\cocos\2d\debug.win32\ccparticlesystem.obj
e:\hzzgame\hzzgame\cocos2d\cocos\2d\debug.win32\ccrendertexture.obj
e:\hzzgame\hzzgame\cocos2d\cocos\2d\debug.win32\ccspriteframe.obj
e:\hzzgame\hzzgame\cocos2d\cocos\2d\debug.win32\cctmxlayer.obj
e:\hzzgame\hzzgame\cocos2d\cocos\2d\debug.win32\cctweenfunction.obj
e:\hzzgame\hzzgame\cocos2d\cocos\2d\debug.win32\cceventlistenerassetsmanagerex.obj
e:\hzzgame\hzzgame\cocos2d\cocos\2d\debug.win32\cccontrol.obj
e:\hzzgame\hzzgame\cocos2d\cocos\2d\debug.win32\cccontrolsaturationbrightnesspicker.obj
e:\hzzgame\hzzgame\cocos2d\cocos\2d\debug.win32\cccontrolutils.obj
e:\hzzgame\hzzgame\cocos2d\cocos\2d\debug.win32\cctableview.obj
e:\hzzgame\hzzgame\cocos2d\cocos\2d\debug.win32\ccparticlesystem3d.obj
e:\hzzgame\hzzgame\cocos2d\cocos\2d\debug.win32\ccpuaffectortranslator.obj
e:\hzzgame\hzzgame\cocos2d\cocos\2d\debug.win32\ccpubaseforceaffector.obj
e:\hzzgame\hzzgame\cocos2d\cocos\2d\debug.win32\ccpubehaviourmanager.obj
e:\hzzgame\hzzgame\cocos2d\cocos\2d\debug.win32\ccpuboxcollider.obj
e:\hzzgame\hzzgame\cocos2d\cocos\2d\debug.win32\ccpuboxemitter.obj
e:\hzzgame\hzzgame\cocos2d\cocos\2d\debug.win32\ccpucollisionavoidanceaffector.obj
e:\hzzgame\hzzgame\cocos2d\cocos\2d\debug.win32\ccpudoaffectoreventhandler.obj
e:\hzzgame\hzzgame\cocos2d\cocos\2d\debug.win32\ccpudoenablecomponenteventhandlertranslator.obj
e:\hzzgame\hzzgame\cocos2d\cocos\2d\debug.win32\ccpudoplacementparticleeventhandler.obj
e:\hzzgame\hzzgame\cocos2d\cocos\2d\debug.win32\ccpudostopsystemeventhandler.obj
e:\hzzgame\hzzgame\cocos2d\cocos\2d\debug.win32\ccpudynamicattributetranslator.obj
e:\hzzgame\hzzgame\cocos2d\cocos\2d\debug.win32\ccpueventhandlermanager.obj
e:\hzzgame\hzzgame\cocos2d\cocos\2d\debug.win32\ccpuforcefield.obj
e:\hzzgame\hzzgame\cocos2d\cocos\2d\debug.win32\ccpugeometryrotator.obj
e:\hzzgame\hzzgame\cocos2d\cocos\2d\debug.win32\ccpuinterparticlecollider.obj
e:\hzzgame\hzzgame\cocos2d\cocos\2d\debug.win32\ccpulineaffector.obj
e:\hzzgame\hzzgame\cocos2d\cocos\2d\debug.win32\ccpulineemitter.obj
e:\hzzgame\hzzgame\cocos2d\cocos\2d\debug.win32\ccpumaterialtranslator.obj
e:\hzzgame\hzzgame\cocos2d\cocos\2d\debug.win32\ccpunoise.obj
e:\hzzgame\hzzgame\cocos2d\cocos\2d\debug.win32\ccpuobservertranslator.obj
e:\hzzgame\hzzgame\cocos2d\cocos\2d\debug.win32\ccpuoncountobserver.obj
e:\hzzgame\hzzgame\cocos2d\cocos\2d\debug.win32\ccpuoneventflagobserver.obj
e:\hzzgame\hzzgame\cocos2d\cocos\2d\debug.win32\ccpuonexpireobservertranslator.obj
e:\hzzgame\hzzgame\cocos2d\cocos\2d\debug.win32\ccpuonrandomobserver.obj
e:\hzzgame\hzzgame\cocos2d\cocos\2d\debug.win32\ccpuontimeobservertranslator.obj
e:\hzzgame\hzzgame\cocos2d\cocos\2d\debug.win32\ccpuparticlesystem3d.obj
e:\hzzgame\hzzgame\cocos2d\cocos\2d\debug.win32\ccpuplanecollidertranslator.obj
e:\hzzgame\hzzgame\cocos2d\cocos\2d\debug.win32\ccpupositionemittertranslator.obj
e:\hzzgame\hzzgame\cocos2d\cocos\2d\debug.win32\ccpuribbontrail.obj
e:\hzzgame\hzzgame\cocos2d\cocos\2d\debug.win32\ccpuscalevelocityaffectortranslator.obj
e:\hzzgame\hzzgame\cocos2d\cocos\2d\debug.win32\ccpusineforceaffector.obj
e:\hzzgame\hzzgame\cocos2d\cocos\2d\debug.win32\ccpuslavebehaviourtranslator.obj
e:\hzzgame\hzzgame\cocos2d\cocos\2d\debug.win32\ccpuspherecollidertranslator.obj
e:\hzzgame\hzzgame\cocos2d\cocos\2d\debug.win32\ccputextureanimator.obj
e:\hzzgame\hzzgame\cocos2d\cocos\2d\debug.win32\ccputranslatemanager.obj
e:\hzzgame\hzzgame\cocos2d\cocos\2d\debug.win32\ccpuvortexaffector.obj
e:\hzzgame\hzzgame\cocos2d\cocos\2d\debug.win32\clipper.obj
e:\hzzgame\hzzgame\cocos2d\cocos\2d\debug.win32\convertutfwrapper.obj
e:\hzzgame\hzzgame\cocos2d\cocos\2d\debug.win32\idl_gen_fbs.obj
e:\hzzgame\hzzgame\cocos2d\cocos\2d\debug.win32\idl_parser.obj
e:\hzzgame\hzzgame\cocos2d\cocos\2d\debug.win32\ccanimation3d.obj
e:\hzzgame\hzzgame\cocos2d\cocos\2d\debug.win32\ccbundlereader.obj
e:\hzzgame\hzzgame\cocos2d\cocos\2d\debug.win32\ccfrustum.obj
e:\hzzgame\hzzgame\cocos2d\cocos\2d\debug.win32\ccmeshvertexindexdata.obj
e:\hzzgame\hzzgame\cocos2d\cocos\2d\debug.win32\ccskeleton3d.obj
e:\hzzgame\hzzgame\cocos2d\cocos\2d\debug.win32\ccterrain.obj
e:\hzzgame\hzzgame\cocos2d\cocos\2d\debug.win32\audioengine-win32.obj
e:\hzzgame\hzzgame\cocos2d\cocos\2d\debug.win32\atitc.obj
e:\hzzgame\hzzgame\cocos2d\cocos\2d\debug.win32\ccautoreleasepool.obj
e:\hzzgame\hzzgame\cocos2d\cocos\2d\debug.win32\ccconfiguration.obj
e:\hzzgame\hzzgame\cocos2d\cocos\2d\debug.win32\ccevent.obj
e:\hzzgame\hzzgame\cocos2d\cocos\2d\debug.win32\cceventacceleration.obj
e:\hzzgame\hzzgame\cocos2d\cocos\2d\debug.win32\cceventfocus.obj
e:\hzzgame\hzzgame\cocos2d\cocos\2d\debug.win32\cceventkeyboard.obj
e:\hzzgame\hzzgame\cocos2d\cocos\2d\debug.win32\cceventlistener.obj
e:\hzzgame\hzzgame\cocos2d\cocos\2d\debug.win32\cceventlisteneracceleration.obj
e:\hzzgame\hzzgame\cocos2d\cocos\2d\debug.win32\cceventlistenerkeyboard.obj
e:\hzzgame\hzzgame\cocos2d\cocos\2d\debug.win32\cceventmouse.obj
e:\hzzgame\hzzgame\cocos2d\cocos\2d\debug.win32\ccns.obj
e:\hzzgame\hzzgame\cocos2d\cocos\2d\debug.win32\ccrandom.obj
e:\hzzgame\hzzgame\cocos2d\cocos\2d\debug.win32\ccscheduler.obj
e:\hzzgame\hzzgame\cocos2d\cocos\2d\debug.win32\ccutf8.obj
e:\hzzgame\hzzgame\cocos2d\cocos\2d\debug.win32\etc1.obj
e:\hzzgame\hzzgame\cocos2d\cocos\2d\debug.win32\pvr.obj
e:\hzzgame\hzzgame\cocos2d\cocos\2d\debug.win32\objectfactory.obj
e:\hzzgame\hzzgame\cocos2d\cocos\2d\debug.win32\ziputils.obj
e:\hzzgame\hzzgame\cocos2d\cocos\2d\debug.win32\ccdictionary.obj
e:\hzzgame\hzzgame\cocos2d\cocos\2d\debug.win32\ccset.obj
e:\hzzgame\hzzgame\cocos2d\cocos\2d\debug.win32\ccbfileloader.obj
e:\hzzgame\hzzgame\cocos2d\cocos\2d\debug.win32\ccbsequence.obj
e:\hzzgame\hzzgame\cocos2d\cocos\2d\debug.win32\cccontrolloader.obj
e:\hzzgame\hzzgame\cocos2d\cocos\2d\debug.win32\cclayercolorloader.obj
e:\hzzgame\hzzgame\cocos2d\cocos\2d\debug.win32\ccmenuitemloader.obj
e:\hzzgame\hzzgame\cocos2d\cocos\2d\debug.win32\ccscale9spriteloader.obj
e:\hzzgame\hzzgame\cocos2d\cocos\2d\debug.win32\ccactiontimelinecache.obj
e:\hzzgame\hzzgame\cocos2d\cocos\2d\debug.win32\ccactionnode.obj
e:\hzzgame\hzzgame\cocos2d\cocos\2d\debug.win32\ccarmaturedatamanager.obj
e:\hzzgame\hzzgame\cocos2d\cocos\2d\debug.win32\cccolliderdetector.obj
e:\hzzgame\hzzgame\cocos2d\cocos\2d\debug.win32\cccomattribute.obj
e:\hzzgame\hzzgame\cocos2d\cocos\2d\debug.win32\cccomrender.obj
e:\hzzgame\hzzgame\cocos2d\cocos\2d\debug.win32\cocoloader.obj
e:\hzzgame\hzzgame\cocos2d\cocos\2d\debug.win32\cocostudio.obj
e:\hzzgame\hzzgame\cocos2d\cocos\2d\debug.win32\triggerobj.obj
e:\hzzgame\hzzgame\cocos2d\cocos\2d\debug.win32\imageviewreader.obj
e:\hzzgame\hzzgame\cocos2d\cocos\2d\debug.win32\layoutreader.obj
e:\hzzgame\hzzgame\cocos2d\cocos\2d\debug.win32\light3dreader.obj
e:\hzzgame\hzzgame\cocos2d\cocos\2d\debug.win32\listviewreader.obj
e:\hzzgame\hzzgame\cocos2d\cocos\2d\debug.win32\particlereader.obj
e:\hzzgame\hzzgame\cocos2d\cocos\2d\debug.win32\skeletonnodereader.obj
e:\hzzgame\hzzgame\cocos2d\cocos\2d\debug.win32\textbmfontreader.obj
e:\hzzgame\hzzgame\cocos2d\cocos\2d\debug.win32\textreader.obj
e:\hzzgame\hzzgame\cocos2d\cocos\2d\debug.win32\usercamerareader.obj
e:\hzzgame\hzzgame\cocos2d\cocos\2d\debug.win32\widgetreader.obj
e:\hzzgame\hzzgame\cocos2d\cocos\2d\debug.win32\ccphysics3d.obj
e:\hzzgame\hzzgame\cocos2d\cocos\2d\debug.win32\ccphysics3dobject.obj
e:\hzzgame\hzzgame\cocos2d\cocos\2d\debug.win32\ccphysicsbody.obj
e:\hzzgame\hzzgame\cocos2d\cocos\2d\debug.win32\ccphysicsshape.obj
e:\hzzgame\hzzgame\cocos2d\cocos\2d\debug.win32\ccglview.obj
e:\hzzgame\hzzgame\cocos2d\cocos\2d\debug.win32\cccommon-win32.obj
e:\hzzgame\hzzgame\cocos2d\cocos\2d\debug.win32\ccdevice-win32.obj
e:\hzzgame\hzzgame\cocos2d\cocos\2d\debug.win32\ccbatchcommand.obj
e:\hzzgame\hzzgame\cocos2d\cocos\2d\debug.win32\ccglprogramstate.obj
e:\hzzgame\hzzgame\cocos2d\cocos\2d\debug.win32\ccmaterial.obj
e:\hzzgame\hzzgame\cocos2d\cocos\2d\debug.win32\ccquadcommand.obj
e:\hzzgame\hzzgame\cocos2d\cocos\2d\debug.win32\ccrenderstate.obj
e:\hzzgame\hzzgame\cocos2d\cocos\2d\debug.win32\cctextureatlas.obj
e:\hzzgame\hzzgame\cocos2d\cocos\2d\debug.win32\ccvertexindexbuffer.obj
e:\hzzgame\hzzgame\cocos2d\cocos\2d\debug.win32\uiabstractcheckbutton.obj
e:\hzzgame\hzzgame\cocos2d\cocos\2d\debug.win32\uieditboximpl-win32.obj
e:\hzzgame\hzzgame\cocos2d\cocos\2d\debug.win32\uilayoutcomponent.obj
e:\hzzgame\hzzgame\cocos2d\cocos\2d\debug.win32\uilistview.obj
e:\hzzgame\hzzgame\cocos2d\cocos\2d\debug.win32\uirelativebox.obj
e:\hzzgame\hzzgame\cocos2d\cocos\2d\debug.win32\uiscrollviewbar.obj
e:\hzzgame\hzzgame\cocos2d\cocos\2d\debug.win32\uitext.obj
e:\hzzgame\hzzgame\cocos2d\cocos\2d\debug.win32\uivbox.obj
e:\hzzgame\hzzgame\cocos2d\cocos\2d\debug.win32\ccactioncamera.obj
e:\hzzgame\hzzgame\cocos2d\cocos\2d\debug.win32\ccactiongrid.obj
e:\hzzgame\hzzgame\cocos2d\cocos\2d\debug.win32\ccactionpageturn3d.obj
e:\hzzgame\hzzgame\cocos2d\cocos\2d\debug.win32\ccanimation.obj
e:\hzzgame\hzzgame\cocos2d\cocos\2d\debug.win32\cccamera.obj
e:\hzzgame\hzzgame\cocos2d\cocos\2d\debug.win32\cccomponent.obj
e:\hzzgame\hzzgame\cocos2d\cocos\2d\debug.win32\ccdrawingprimitives.obj
e:\hzzgame\hzzgame\cocos2d\cocos\2d\debug.win32\ccfontatlas.obj
e:\hzzgame\hzzgame\cocos2d\cocos\2d\debug.win32\ccfontfreetype.obj
e:\hzzgame\hzzgame\cocos2d\cocos\2d\debug.win32\cclabelatlas.obj
e:\hzzgame\hzzgame\cocos2d\cocos\2d\debug.win32\cclabelttf.obj
e:\hzzgame\hzzgame\cocos2d\cocos\2d\debug.win32\ccmenuitem.obj
e:\hzzgame\hzzgame\cocos2d\cocos\2d\debug.win32\ccparallaxnode.obj
e:\hzzgame\hzzgame\cocos2d\cocos\2d\debug.win32\ccparticleexamples.obj
e:\hzzgame\hzzgame\cocos2d\cocos\2d\debug.win32\ccprotectednode.obj
e:\hzzgame\hzzgame\cocos2d\cocos\2d\debug.win32\ccscene.obj
e:\hzzgame\hzzgame\cocos2d\cocos\2d\debug.win32\cctextfieldttf.obj
e:\hzzgame\hzzgame\cocos2d\cocos\2d\debug.win32\cctmxobjectgroup.obj
e:\hzzgame\hzzgame\cocos2d\cocos\2d\debug.win32\cctransition.obj
e:\hzzgame\hzzgame\cocos2d\cocos\2d\debug.win32\assetsmanager.obj
e:\hzzgame\hzzgame\cocos2d\cocos\2d\debug.win32\cccontrolbutton.obj
e:\hzzgame\hzzgame\cocos2d\cocos\2d\debug.win32\cccontrolpotentiometer.obj
e:\hzzgame\hzzgame\cocos2d\cocos\2d\debug.win32\cccontrolswitch.obj
e:\hzzgame\hzzgame\cocos2d\cocos\2d\debug.win32\cctableviewcell.obj
e:\hzzgame\hzzgame\cocos2d\cocos\2d\debug.win32\ccparticle3demitter.obj
e:\hzzgame\hzzgame\cocos2d\cocos\2d\debug.win32\ccparticle3drender.obj
e:\hzzgame\hzzgame\cocos2d\cocos\2d\debug.win32\ccpubasecollidertranslator.obj
e:\hzzgame\hzzgame\cocos2d\cocos\2d\debug.win32\ccpubehaviour.obj
e:\hzzgame\hzzgame\cocos2d\cocos\2d\debug.win32\ccpubillboardchain.obj
e:\hzzgame\hzzgame\cocos2d\cocos\2d\debug.win32\ccpucircleemittertranslator.obj
e:\hzzgame\hzzgame\cocos2d\cocos\2d\debug.win32\ccpucoloraffectortranslator.obj
e:\hzzgame\hzzgame\cocos2d\cocos\2d\debug.win32\ccpudoexpireeventhandler.obj
e:\hzzgame\hzzgame\cocos2d\cocos\2d\debug.win32\ccpudofreezeeventhandlertranslator.obj
e:\hzzgame\hzzgame\cocos2d\cocos\2d\debug.win32\ccpudoscaleeventhandlertranslator.obj
e:\hzzgame\hzzgame\cocos2d\cocos\2d\debug.win32\ccpuemittermanager.obj
e:\hzzgame\hzzgame\cocos2d\cocos\2d\debug.win32\ccpueventhandlertranslator.obj
e:\hzzgame\hzzgame\cocos2d\cocos\2d\debug.win32\ccpuforcefieldaffector.obj
e:\hzzgame\hzzgame\cocos2d\cocos\2d\debug.win32\ccpugravityaffector.obj
e:\hzzgame\hzzgame\cocos2d\cocos\2d\debug.win32\ccpujetaffector.obj
e:\hzzgame\hzzgame\cocos2d\cocos\2d\debug.win32\ccpulineaffectortranslator.obj
e:\hzzgame\hzzgame\cocos2d\cocos\2d\debug.win32\ccpulineemittertranslator.obj
e:\hzzgame\hzzgame\cocos2d\cocos\2d\debug.win32\ccpumeshsurfaceemittertranslator.obj
e:\hzzgame\hzzgame\cocos2d\cocos\2d\debug.win32\ccpuonclearobserver.obj
e:\hzzgame\hzzgame\cocos2d\cocos\2d\debug.win32\ccpuoncollisionobserver.obj
e:\hzzgame\hzzgame\cocos2d\cocos\2d\debug.win32\ccpuoncountobservertranslator.obj
e:\hzzgame\hzzgame\cocos2d\cocos\2d\debug.win32\ccpuonexpireobserver.obj
e:\hzzgame\hzzgame\cocos2d\cocos\2d\debug.win32\ccpuonpositionobservertranslator.obj
e:\hzzgame\hzzgame\cocos2d\cocos\2d\debug.win32\ccpuontimeobserver.obj
e:\hzzgame\hzzgame\cocos2d\cocos\2d\debug.win32\ccpuonvelocityobservertranslator.obj
e:\hzzgame\hzzgame\cocos2d\cocos\2d\debug.win32\ccpupathfollower.obj
e:\hzzgame\hzzgame\cocos2d\cocos\2d\debug.win32\ccpuplanecollider.obj
e:\hzzgame\hzzgame\cocos2d\cocos\2d\debug.win32\ccpupositionemitter.obj
e:\hzzgame\hzzgame\cocos2d\cocos\2d\debug.win32\ccpurender.obj
e:\hzzgame\hzzgame\cocos2d\cocos\2d\debug.win32\ccpuscaleaffectortranslator.obj
e:\hzzgame\hzzgame\cocos2d\cocos\2d\debug.win32\ccpuscriptlexer.obj
e:\hzzgame\hzzgame\cocos2d\cocos\2d\debug.win32\ccpuscripttranslator.obj
e:\hzzgame\hzzgame\cocos2d\cocos\2d\debug.win32\ccpuslaveemitter.obj
e:\hzzgame\hzzgame\cocos2d\cocos\2d\debug.win32\ccpuspherecollider.obj
e:\hzzgame\hzzgame\cocos2d\cocos\2d\debug.win32\ccputechniquetranslator.obj
e:\hzzgame\hzzgame\cocos2d\cocos\2d\debug.win32\ccputexturerotatortranslator.obj
e:\hzzgame\hzzgame\cocos2d\cocos\2d\debug.win32\ccpuvertexemitter.obj
e:\hzzgame\hzzgame\cocos2d\cocos\2d\debug.win32\ccphysicssprite.obj
e:\hzzgame\hzzgame\cocos2d\cocos\2d\debug.win32\idl_gen_general.obj
e:\hzzgame\hzzgame\cocos2d\cocos\2d\debug.win32\shapes.obj
e:\hzzgame\hzzgame\cocos2d\cocos\2d\debug.win32\tinyxml2.obj
e:\hzzgame\hzzgame\cocos2d\cocos\2d\debug.win32\ioapi_mem.obj
e:\hzzgame\hzzgame\cocos2d\cocos\2d\debug.win32\ioapi.obj
e:\hzzgame\hzzgame\cocos2d\cocos\2d\debug.win32\xxhash.obj
e:\hzzgame\hzzgame\cocos2d\cocos\2d\debug.win32\ccattachnode.obj
e:\hzzgame\hzzgame\cocos2d\cocos\2d\debug.win32\ccbundle3d.obj
e:\hzzgame\hzzgame\cocos2d\cocos\2d\debug.win32\ccmeshskin.obj
e:\hzzgame\hzzgame\cocos2d\cocos\2d\debug.win32\ccobb.obj
e:\hzzgame\hzzgame\cocos2d\cocos\2d\debug.win32\ccobjloader.obj
e:\hzzgame\hzzgame\cocos2d\cocos\2d\debug.win32\ccsprite3d.obj
e:\hzzgame\hzzgame\cocos2d\cocos\2d\debug.win32\audioplayer.obj
e:\hzzgame\hzzgame\cocos2d\cocos\2d\debug.win32\ccallocatordiagnostics.obj
e:\hzzgame\hzzgame\cocos2d\cocos\2d\debug.win32\base64.obj
e:\hzzgame\hzzgame\cocos2d\cocos\2d\debug.win32\ccasynctaskpool.obj
e:\hzzgame\hzzgame\cocos2d\cocos\2d\debug.win32\ccdata.obj
e:\hzzgame\hzzgame\cocos2d\cocos\2d\debug.win32\ccdatavisitor.obj
e:\hzzgame\hzzgame\cocos2d\cocos\2d\debug.win32\ccdirector.obj
e:\hzzgame\hzzgame\cocos2d\cocos\2d\debug.win32\ccstencilstatemanager.obj
e:\hzzgame\hzzgame\cocos2d\cocos\2d\debug.win32\ccscriptsupport.obj
e:\hzzgame\hzzgame\cocos2d\cocos\2d\debug.win32\ccuserdefault.obj
e:\hzzgame\hzzgame\cocos2d\cocos\2d\debug.win32\s3tc.obj
e:\hzzgame\hzzgame\cocos2d\cocos\2d\debug.win32\tgalib.obj
e:\hzzgame\hzzgame\cocos2d\cocos\2d\debug.win32\ccdeprecated.obj
e:\hzzgame\hzzgame\cocos2d\cocos\2d\debug.win32\cclabelttfloader.obj
e:\hzzgame\hzzgame\cocos2d\cocos\2d\debug.win32\ccmenuitemimageloader.obj
e:\hzzgame\hzzgame\cocos2d\cocos\2d\debug.win32\ccnodeloaderlibrary.obj
e:\hzzgame\hzzgame\cocos2d\cocos\2d\debug.win32\ccspriteloader.obj
e:\hzzgame\hzzgame\cocos2d\cocos\2d\debug.win32\ccframe.obj
e:\hzzgame\hzzgame\cocos2d\cocos\2d\debug.win32\ccskeletonnode.obj
e:\hzzgame\hzzgame\cocos2d\cocos\2d\debug.win32\csloader.obj
e:\hzzgame\hzzgame\cocos2d\cocos\2d\debug.win32\ccdecorativedisplay.obj
e:\hzzgame\hzzgame\cocos2d\cocos\2d\debug.win32\ccdisplaymanager.obj
e:\hzzgame\hzzgame\cocos2d\cocos\2d\debug.win32\ccprocessbase.obj
e:\hzzgame\hzzgame\cocos2d\cocos\2d\debug.win32\ccspriteframecachehelper.obj
e:\hzzgame\hzzgame\cocos2d\cocos\2d\debug.win32\ccsscenereader.obj
e:\hzzgame\hzzgame\cocos2d\cocos\2d\debug.win32\triggermng.obj
e:\hzzgame\hzzgame\cocos2d\cocos\2d\debug.win32\checkboxreader.obj
e:\hzzgame\hzzgame\cocos2d\cocos\2d\debug.win32\gamemapreader.obj
e:\hzzgame\hzzgame\cocos2d\cocos\2d\debug.win32\nodereaderdefine.obj
e:\hzzgame\hzzgame\cocos2d\cocos\2d\debug.win32\pageviewreader.obj
e:\hzzgame\hzzgame\cocos2d\cocos\2d\debug.win32\scrollviewreader.obj
e:\hzzgame\hzzgame\cocos2d\cocos\2d\debug.win32\singlenodereader.obj
e:\hzzgame\hzzgame\cocos2d\cocos\2d\debug.win32\tabcontrolreader.obj
e:\hzzgame\hzzgame\cocos2d\cocos\2d\debug.win32\particle3dreader.obj
e:\hzzgame\hzzgame\cocos2d\cocos\2d\debug.win32\ccaffinetransform.obj
e:\hzzgame\hzzgame\cocos2d\cocos\2d\debug.win32\ccvertex.obj
e:\hzzgame\hzzgame\cocos2d\cocos\2d\debug.win32\mathutil.obj
e:\hzzgame\hzzgame\cocos2d\cocos\2d\debug.win32\transformutils.obj
e:\hzzgame\hzzgame\cocos2d\cocos\2d\debug.win32\vec3.obj
e:\hzzgame\hzzgame\cocos2d\cocos\2d\debug.win32\ccnavmesh.obj
e:\hzzgame\hzzgame\cocos2d\cocos\2d\debug.win32\ccnavmeshutils.obj
e:\hzzgame\hzzgame\cocos2d\cocos\2d\debug.win32\ccdownloader.obj
e:\hzzgame\hzzgame\cocos2d\cocos\2d\debug.win32\socketio.obj
e:\hzzgame\hzzgame\cocos2d\cocos\2d\debug.win32\ccphysics3dconstraint.obj
e:\hzzgame\hzzgame\cocos2d\cocos\2d\debug.win32\ccphysics3dworld.obj
e:\hzzgame\hzzgame\cocos2d\cocos\2d\debug.win32\ccphysicsjoint.obj
e:\hzzgame\hzzgame\cocos2d\cocos\2d\debug.win32\ccfileutils.obj
e:\hzzgame\hzzgame\cocos2d\cocos\2d\debug.win32\ccthread.obj
e:\hzzgame\hzzgame\cocos2d\cocos\2d\debug.win32\ccglviewimpl-desktop.obj
e:\hzzgame\hzzgame\cocos2d\cocos\2d\debug.win32\cccustomcommand.obj
e:\hzzgame\hzzgame\cocos2d\cocos\2d\debug.win32\ccglprogram.obj
e:\hzzgame\hzzgame\cocos2d\cocos\2d\debug.win32\ccglstatecache.obj
e:\hzzgame\hzzgame\cocos2d\cocos\2d\debug.win32\ccprimitive.obj
e:\hzzgame\hzzgame\cocos2d\cocos\2d\debug.win32\ccprimitivecommand.obj
e:\hzzgame\hzzgame\cocos2d\cocos\2d\debug.win32\ccrenderer.obj
e:\hzzgame\hzzgame\cocos2d\cocos\2d\debug.win32\cctrianglescommand.obj
e:\hzzgame\hzzgame\cocos2d\cocos\2d\debug.win32\cocosgui.obj
e:\hzzgame\hzzgame\cocos2d\cocos\2d\debug.win32\uiradiobutton.obj
e:\hzzgame\hzzgame\cocos2d\cocos\2d\debug.win32\uihbox.obj
e:\hzzgame\hzzgame\cocos2d\cocos\2d\debug.win32\uilayout.obj
e:\hzzgame\hzzgame\cocos2d\cocos\2d\debug.win32\uipageviewindicator.obj
e:\hzzgame\hzzgame\cocos2d\cocos\2d\debug.win32\uiscrollview.obj
e:\hzzgame\hzzgame\cocos2d\cocos\2d\debug.win32\uislider.obj
e:\hzzgame\hzzgame\cocos2d\cocos\2d\debug.win32\uitextbmfont.obj
e:\hzzgame\hzzgame\cocos2d\cocos\2d\debug.win32\ccaction.obj
e:\hzzgame\hzzgame\cocos2d\cocos\2d\debug.win32\ccactiongrid3d.obj
e:\hzzgame\hzzgame\cocos2d\cocos\2d\debug.win32\ccactionmanager.obj
e:\hzzgame\hzzgame\cocos2d\cocos\2d\debug.win32\ccactiontiledgrid.obj
e:\hzzgame\hzzgame\cocos2d\cocos\2d\debug.win32\ccatlasnode.obj
e:\hzzgame\hzzgame\cocos2d\cocos\2d\debug.win32\ccclippingnode.obj
e:\hzzgame\hzzgame\cocos2d\cocos\2d\debug.win32\cccomponentcontainer.obj
e:\hzzgame\hzzgame\cocos2d\cocos\2d\debug.win32\ccfasttmxtiledmap.obj
e:\hzzgame\hzzgame\cocos2d\cocos\2d\debug.win32\ccfontatlascache.obj
e:\hzzgame\hzzgame\cocos2d\cocos\2d\debug.win32\ccglbufferednode.obj
e:\hzzgame\hzzgame\cocos2d\cocos\2d\debug.win32\ccgrabber.obj
e:\hzzgame\hzzgame\cocos2d\cocos\2d\debug.win32\cclabel.obj
e:\hzzgame\hzzgame\cocos2d\cocos\2d\debug.win32\cclight.obj
e:\hzzgame\hzzgame\cocos2d\cocos\2d\debug.win32\ccmotionstreak.obj
e:\hzzgame\hzzgame\cocos2d\cocos\2d\debug.win32\ccparticlebatchnode.obj
e:\hzzgame\hzzgame\cocos2d\cocos\2d\debug.win32\ccprogresstimer.obj
e:\hzzgame\hzzgame\cocos2d\cocos\2d\debug.win32\ccsprite.obj
e:\hzzgame\hzzgame\cocos2d\cocos\2d\debug.win32\ccspriteframecache.obj
e:\hzzgame\hzzgame\cocos2d\cocos\2d\debug.win32\cctmxtiledmap.obj
e:\hzzgame\hzzgame\cocos2d\cocos\2d\debug.win32\cctransitionprogress.obj
e:\hzzgamelhdb\hzzgame\cocos2d\cocos\2d\debug.win32\libcocos2d.vcxprojresolveassemblyreference.cache
e:\hzzgamelhdb\hzzgame\cocos2d\cocos\2d\debug.win32\advancing_front.obj
e:\hzzgamelhdb\hzzgame\cocos2d\cocos\2d\debug.win32\armaturenodereader.obj
e:\hzzgamelhdb\hzzgame\cocos2d\cocos\2d\debug.win32\assetsmanager.obj
e:\hzzgamelhdb\hzzgame\cocos2d\cocos\2d\debug.win32\assetsmanagerex.obj
e:\hzzgamelhdb\hzzgame\cocos2d\cocos\2d\debug.win32\atitc.obj
e:\hzzgamelhdb\hzzgame\cocos2d\cocos\2d\debug.win32\audiocache.obj
e:\hzzgamelhdb\hzzgame\cocos2d\cocos\2d\debug.win32\audioengine-win32.obj
e:\hzzgamelhdb\hzzgame\cocos2d\cocos\2d\debug.win32\audioengine.obj
e:\hzzgamelhdb\hzzgame\cocos2d\cocos\2d\debug.win32\audioplayer.obj
e:\hzzgamelhdb\hzzgame\cocos2d\cocos\2d\debug.win32\base64.obj
e:\hzzgamelhdb\hzzgame\cocos2d\cocos\2d\debug.win32\bonenodereader.obj
e:\hzzgamelhdb\hzzgame\cocos2d\cocos\2d\debug.win32\buttonreader.obj
e:\hzzgamelhdb\hzzgame\cocos2d\cocos\2d\debug.win32\ccaabb.obj
e:\hzzgamelhdb\hzzgame\cocos2d\cocos\2d\debug.win32\ccaction.obj
e:\hzzgamelhdb\hzzgame\cocos2d\cocos\2d\debug.win32\ccactioncamera.obj
e:\hzzgamelhdb\hzzgame\cocos2d\cocos\2d\debug.win32\ccactioncatmullrom.obj
e:\hzzgamelhdb\hzzgame\cocos2d\cocos\2d\debug.win32\ccactionease.obj
e:\hzzgamelhdb\hzzgame\cocos2d\cocos\2d\debug.win32\ccactionframe.obj
e:\hzzgamelhdb\hzzgame\cocos2d\cocos\2d\debug.win32\ccactionframeeasing.obj
e:\hzzgamelhdb\hzzgame\cocos2d\cocos\2d\debug.win32\ccactiongrid.obj
e:\hzzgamelhdb\hzzgame\cocos2d\cocos\2d\debug.win32\ccactiongrid3d.obj
e:\hzzgamelhdb\hzzgame\cocos2d\cocos\2d\debug.win32\ccactioninstant.obj
e:\hzzgamelhdb\hzzgame\cocos2d\cocos\2d\debug.win32\ccactioninterval.obj
e:\hzzgamelhdb\hzzgame\cocos2d\cocos\2d\debug.win32\ccactionmanager.obj
e:\hzzgamelhdb\hzzgame\cocos2d\cocos\2d\debug.win32\ccactionmanagerex.obj
e:\hzzgamelhdb\hzzgame\cocos2d\cocos\2d\debug.win32\ccactionnode.obj
e:\hzzgamelhdb\hzzgame\cocos2d\cocos\2d\debug.win32\ccactionobject.obj
e:\hzzgamelhdb\hzzgame\cocos2d\cocos\2d\debug.win32\ccactionpageturn3d.obj
e:\hzzgamelhdb\hzzgame\cocos2d\cocos\2d\debug.win32\ccactionprogresstimer.obj
e:\hzzgamelhdb\hzzgame\cocos2d\cocos\2d\debug.win32\ccactiontiledgrid.obj
e:\hzzgamelhdb\hzzgame\cocos2d\cocos\2d\debug.win32\ccactiontimeline.obj
e:\hzzgamelhdb\hzzgame\cocos2d\cocos\2d\debug.win32\ccactiontimelinecache.obj
e:\hzzgamelhdb\hzzgame\cocos2d\cocos\2d\debug.win32\ccactiontimelinenode.obj
e:\hzzgamelhdb\hzzgame\cocos2d\cocos\2d\debug.win32\ccactiontween.obj
e:\hzzgamelhdb\hzzgame\cocos2d\cocos\2d\debug.win32\ccaffinetransform.obj
e:\hzzgamelhdb\hzzgame\cocos2d\cocos\2d\debug.win32\ccallocatordiagnostics.obj
e:\hzzgamelhdb\hzzgame\cocos2d\cocos\2d\debug.win32\ccallocatorglobal.obj
e:\hzzgamelhdb\hzzgame\cocos2d\cocos\2d\debug.win32\ccallocatorglobalnewdelete.obj
e:\hzzgamelhdb\hzzgame\cocos2d\cocos\2d\debug.win32\ccanimate3d.obj
e:\hzzgamelhdb\hzzgame\cocos2d\cocos\2d\debug.win32\ccanimation.obj
e:\hzzgamelhdb\hzzgame\cocos2d\cocos\2d\debug.win32\ccanimation3d.obj
e:\hzzgamelhdb\hzzgame\cocos2d\cocos\2d\debug.win32\ccanimationcache.obj
e:\hzzgamelhdb\hzzgame\cocos2d\cocos\2d\debug.win32\ccapplication-win32.obj
e:\hzzgamelhdb\hzzgame\cocos2d\cocos\2d\debug.win32\ccarmature.obj
e:\hzzgamelhdb\hzzgame\cocos2d\cocos\2d\debug.win32\ccarmatureanimation.obj
e:\hzzgamelhdb\hzzgame\cocos2d\cocos\2d\debug.win32\ccarmaturedatamanager.obj
e:\hzzgamelhdb\hzzgame\cocos2d\cocos\2d\debug.win32\ccarmaturedefine.obj
e:\hzzgamelhdb\hzzgame\cocos2d\cocos\2d\debug.win32\ccarray.obj
e:\hzzgamelhdb\hzzgame\cocos2d\cocos\2d\debug.win32\ccasynctaskpool.obj
e:\hzzgamelhdb\hzzgame\cocos2d\cocos\2d\debug.win32\ccatlasnode.obj
e:\hzzgamelhdb\hzzgame\cocos2d\cocos\2d\debug.win32\ccattachnode.obj
e:\hzzgamelhdb\hzzgame\cocos2d\cocos\2d\debug.win32\ccautopolygon.obj
e:\hzzgamelhdb\hzzgame\cocos2d\cocos\2d\debug.win32\ccautoreleasepool.obj
e:\hzzgamelhdb\hzzgame\cocos2d\cocos\2d\debug.win32\ccbanimationmanager.obj
e:\hzzgamelhdb\hzzgame\cocos2d\cocos\2d\debug.win32\ccbatchcommand.obj
e:\hzzgamelhdb\hzzgame\cocos2d\cocos\2d\debug.win32\ccbatchnode.obj
e:\hzzgamelhdb\hzzgame\cocos2d\cocos\2d\debug.win32\ccbfileloader.obj
e:\hzzgamelhdb\hzzgame\cocos2d\cocos\2d\debug.win32\ccbillboard.obj
e:\hzzgamelhdb\hzzgame\cocos2d\cocos\2d\debug.win32\ccbkeyframe.obj
e:\hzzgamelhdb\hzzgame\cocos2d\cocos\2d\debug.win32\ccbone.obj
e:\hzzgamelhdb\hzzgame\cocos2d\cocos\2d\debug.win32\ccbonenode.obj
e:\hzzgamelhdb\hzzgame\cocos2d\cocos\2d\debug.win32\ccbreader.obj
e:\hzzgamelhdb\hzzgame\cocos2d\cocos\2d\debug.win32\ccbsequence.obj
e:\hzzgamelhdb\hzzgame\cocos2d\cocos\2d\debug.win32\ccbsequenceproperty.obj
e:\hzzgamelhdb\hzzgame\cocos2d\cocos\2d\debug.win32\ccbundle3d.obj
e:\hzzgamelhdb\hzzgame\cocos2d\cocos\2d\debug.win32\ccbundlereader.obj
e:\hzzgamelhdb\hzzgame\cocos2d\cocos\2d\debug.win32\cccamera.obj
e:\hzzgamelhdb\hzzgame\cocos2d\cocos\2d\debug.win32\cccamerabackgroundbrush.obj
e:\hzzgamelhdb\hzzgame\cocos2d\cocos\2d\debug.win32\cccarray.obj
e:\hzzgamelhdb\hzzgame\cocos2d\cocos\2d\debug.win32\ccclippingnode.obj
e:\hzzgamelhdb\hzzgame\cocos2d\cocos\2d\debug.win32\ccclippingrectanglenode.obj
e:\hzzgamelhdb\hzzgame\cocos2d\cocos\2d\debug.win32\cccolliderdetector.obj
e:\hzzgamelhdb\hzzgame\cocos2d\cocos\2d\debug.win32\cccomattribute.obj
e:\hzzgamelhdb\hzzgame\cocos2d\cocos\2d\debug.win32\cccomaudio.obj
e:\hzzgamelhdb\hzzgame\cocos2d\cocos\2d\debug.win32\cccomcontroller.obj
e:\hzzgamelhdb\hzzgame\cocos2d\cocos\2d\debug.win32\cccomextensiondata.obj
e:\hzzgamelhdb\hzzgame\cocos2d\cocos\2d\debug.win32\cccommon-win32.obj
e:\hzzgamelhdb\hzzgame\cocos2d\cocos\2d\debug.win32\cccomponent.obj
e:\hzzgamelhdb\hzzgame\cocos2d\cocos\2d\debug.win32\cccomponentcontainer.obj
e:\hzzgamelhdb\hzzgame\cocos2d\cocos\2d\debug.win32\cccomrender.obj
e:\hzzgamelhdb\hzzgame\cocos2d\cocos\2d\debug.win32\ccconfiguration.obj
e:\hzzgamelhdb\hzzgame\cocos2d\cocos\2d\debug.win32\ccconsole.obj
e:\hzzgamelhdb\hzzgame\cocos2d\cocos\2d\debug.win32\cccontrol.obj
e:\hzzgamelhdb\hzzgame\cocos2d\cocos\2d\debug.win32\cccontrolbutton.obj
e:\hzzgamelhdb\hzzgame\cocos2d\cocos\2d\debug.win32\cccontrolbuttonloader.obj
e:\hzzgamelhdb\hzzgame\cocos2d\cocos\2d\debug.win32\cccontrolcolourpicker.obj
e:\hzzgamelhdb\hzzgame\cocos2d\cocos\2d\debug.win32\cccontrolhuepicker.obj
e:\hzzgamelhdb\hzzgame\cocos2d\cocos\2d\debug.win32\cccontrolloader.obj
e:\hzzgamelhdb\hzzgame\cocos2d\cocos\2d\debug.win32\cccontrolpotentiometer.obj
e:\hzzgamelhdb\hzzgame\cocos2d\cocos\2d\debug.win32\cccontrolsaturationbrightnesspicker.obj
e:\hzzgamelhdb\hzzgame\cocos2d\cocos\2d\debug.win32\cccontrolslider.obj
e:\hzzgamelhdb\hzzgame\cocos2d\cocos\2d\debug.win32\cccontrolstepper.obj
e:\hzzgamelhdb\hzzgame\cocos2d\cocos\2d\debug.win32\cccontrolswitch.obj
e:\hzzgamelhdb\hzzgame\cocos2d\cocos\2d\debug.win32\cccontrolutils.obj
e:\hzzgamelhdb\hzzgame\cocos2d\cocos\2d\debug.win32\cccustomcommand.obj
e:\hzzgamelhdb\hzzgame\cocos2d\cocos\2d\debug.win32\ccdata.obj
e:\hzzgamelhdb\hzzgame\cocos2d\cocos\2d\debug.win32\ccdatareaderhelper.obj
e:\hzzgamelhdb\hzzgame\cocos2d\cocos\2d\debug.win32\ccdatas.obj
e:\hzzgamelhdb\hzzgame\cocos2d\cocos\2d\debug.win32\ccdatavisitor.obj
e:\hzzgamelhdb\hzzgame\cocos2d\cocos\2d\debug.win32\ccdecorativedisplay.obj
e:\hzzgamelhdb\hzzgame\cocos2d\cocos\2d\debug.win32\ccdeprecated.obj
e:\hzzgamelhdb\hzzgame\cocos2d\cocos\2d\debug.win32\ccdevice-win32.obj
e:\hzzgamelhdb\hzzgame\cocos2d\cocos\2d\debug.win32\ccdictionary.obj
e:\hzzgamelhdb\hzzgame\cocos2d\cocos\2d\debug.win32\ccdirector.obj
e:\hzzgamelhdb\hzzgame\cocos2d\cocos\2d\debug.win32\ccdisplayfactory.obj
e:\hzzgamelhdb\hzzgame\cocos2d\cocos\2d\debug.win32\ccdisplaymanager.obj
e:\hzzgamelhdb\hzzgame\cocos2d\cocos\2d\debug.win32\ccdownloader-curl.obj
e:\hzzgamelhdb\hzzgame\cocos2d\cocos\2d\debug.win32\ccdownloader.obj
e:\hzzgamelhdb\hzzgame\cocos2d\cocos\2d\debug.win32\ccdrawingprimitives.obj
e:\hzzgamelhdb\hzzgame\cocos2d\cocos\2d\debug.win32\ccdrawnode.obj
e:\hzzgamelhdb\hzzgame\cocos2d\cocos\2d\debug.win32\ccevent.obj
e:\hzzgamelhdb\hzzgame\cocos2d\cocos\2d\debug.win32\cceventacceleration.obj
e:\hzzgamelhdb\hzzgame\cocos2d\cocos\2d\debug.win32\cceventassetsmanagerex.obj
e:\hzzgamelhdb\hzzgame\cocos2d\cocos\2d\debug.win32\cceventcustom.obj
e:\hzzgamelhdb\hzzgame\cocos2d\cocos\2d\debug.win32\cceventdispatcher.obj
e:\hzzgamelhdb\hzzgame\cocos2d\cocos\2d\debug.win32\cceventfocus.obj
e:\hzzgamelhdb\hzzgame\cocos2d\cocos\2d\debug.win32\cceventkeyboard.obj
e:\hzzgamelhdb\hzzgame\cocos2d\cocos\2d\debug.win32\cceventlistener.obj
e:\hzzgamelhdb\hzzgame\cocos2d\cocos\2d\debug.win32\cceventlisteneracceleration.obj
e:\hzzgamelhdb\hzzgame\cocos2d\cocos\2d\debug.win32\cceventlistenerassetsmanagerex.obj
e:\hzzgamelhdb\hzzgame\cocos2d\cocos\2d\debug.win32\cceventlistenercustom.obj
e:\hzzgamelhdb\hzzgame\cocos2d\cocos\2d\debug.win32\cceventlistenerfocus.obj
e:\hzzgamelhdb\hzzgame\cocos2d\cocos\2d\debug.win32\cceventlistenerkeyboard.obj
e:\hzzgamelhdb\hzzgame\cocos2d\cocos\2d\debug.win32\cceventlistenermouse.obj
e:\hzzgamelhdb\hzzgame\cocos2d\cocos\2d\debug.win32\cceventlistenertouch.obj
e:\hzzgamelhdb\hzzgame\cocos2d\cocos\2d\debug.win32\cceventmouse.obj
e:\hzzgamelhdb\hzzgame\cocos2d\cocos\2d\debug.win32\cceventtouch.obj
e:\hzzgamelhdb\hzzgame\cocos2d\cocos\2d\debug.win32\ccfasttmxlayer.obj
e:\hzzgamelhdb\hzzgame\cocos2d\cocos\2d\debug.win32\ccfasttmxtiledmap.obj
e:\hzzgamelhdb\hzzgame\cocos2d\cocos\2d\debug.win32\ccfileutils-win32.obj
e:\hzzgamelhdb\hzzgame\cocos2d\cocos\2d\debug.win32\ccfileutils.obj
e:\hzzgamelhdb\hzzgame\cocos2d\cocos\2d\debug.win32\ccfontatlas.obj
e:\hzzgamelhdb\hzzgame\cocos2d\cocos\2d\debug.win32\ccfontatlascache.obj
e:\hzzgamelhdb\hzzgame\cocos2d\cocos\2d\debug.win32\ccfontcharmap.obj
e:\hzzgamelhdb\hzzgame\cocos2d\cocos\2d\debug.win32\ccfontfnt.obj
e:\hzzgamelhdb\hzzgame\cocos2d\cocos\2d\debug.win32\ccfontfreetype.obj
e:\hzzgamelhdb\hzzgame\cocos2d\cocos\2d\debug.win32\ccfpsimages.obj
e:\hzzgamelhdb\hzzgame\cocos2d\cocos\2d\debug.win32\ccframe.obj
e:\hzzgamelhdb\hzzgame\cocos2d\cocos\2d\debug.win32\ccframebuffer.obj
e:\hzzgamelhdb\hzzgame\cocos2d\cocos\2d\debug.win32\ccfrustum.obj
e:\hzzgamelhdb\hzzgame\cocos2d\cocos\2d\debug.win32\ccgeometry.obj
e:\hzzgamelhdb\hzzgame\cocos2d\cocos\2d\debug.win32\ccglbufferednode.obj
e:\hzzgamelhdb\hzzgame\cocos2d\cocos\2d\debug.win32\ccglprogram.obj
e:\hzzgamelhdb\hzzgame\cocos2d\cocos\2d\debug.win32\ccglprogramcache.obj
e:\hzzgamelhdb\hzzgame\cocos2d\cocos\2d\debug.win32\ccglprogramstate.obj
e:\hzzgamelhdb\hzzgame\cocos2d\cocos\2d\debug.win32\ccglprogramstatecache.obj
e:\hzzgamelhdb\hzzgame\cocos2d\cocos\2d\debug.win32\ccglstatecache.obj
e:\hzzgamelhdb\hzzgame\cocos2d\cocos\2d\debug.win32\ccglview.obj
e:\hzzgamelhdb\hzzgame\cocos2d\cocos\2d\debug.win32\ccglviewimpl-desktop.obj
e:\hzzgamelhdb\hzzgame\cocos2d\cocos\2d\debug.win32\ccgrabber.obj
e:\hzzgamelhdb\hzzgame\cocos2d\cocos\2d\debug.win32\ccgrid.obj
e:\hzzgamelhdb\hzzgame\cocos2d\cocos\2d\debug.win32\ccgroupcommand.obj
e:\hzzgamelhdb\hzzgame\cocos2d\cocos\2d\debug.win32\ccimage.obj
e:\hzzgamelhdb\hzzgame\cocos2d\cocos\2d\debug.win32\ccimedispatcher.obj
e:\hzzgamelhdb\hzzgame\cocos2d\cocos\2d\debug.win32\ccinputdelegate.obj
e:\hzzgamelhdb\hzzgame\cocos2d\cocos\2d\debug.win32\ccinvocation.obj
e:\hzzgamelhdb\hzzgame\cocos2d\cocos\2d\debug.win32\cclabel.obj
e:\hzzgamelhdb\hzzgame\cocos2d\cocos\2d\debug.win32\cclabelatlas.obj
e:\hzzgamelhdb\hzzgame\cocos2d\cocos\2d\debug.win32\cclabelbmfont.obj
e:\hzzgamelhdb\hzzgame\cocos2d\cocos\2d\debug.win32\cclabelbmfontloader.obj
e:\hzzgamelhdb\hzzgame\cocos2d\cocos\2d\debug.win32\cclabeltextformatter.obj
e:\hzzgamelhdb\hzzgame\cocos2d\cocos\2d\debug.win32\cclabelttf.obj
e:\hzzgamelhdb\hzzgame\cocos2d\cocos\2d\debug.win32\cclabelttfloader.obj
e:\hzzgamelhdb\hzzgame\cocos2d\cocos\2d\debug.win32\cclayer.obj
e:\hzzgamelhdb\hzzgame\cocos2d\cocos\2d\debug.win32\cclayercolorloader.obj
e:\hzzgamelhdb\hzzgame\cocos2d\cocos\2d\debug.win32\cclayergradientloader.obj
e:\hzzgamelhdb\hzzgame\cocos2d\cocos\2d\debug.win32\cclayerloader.obj
e:\hzzgamelhdb\hzzgame\cocos2d\cocos\2d\debug.win32\cclight.obj
e:\hzzgamelhdb\hzzgame\cocos2d\cocos\2d\debug.win32\ccmaterial.obj
e:\hzzgamelhdb\hzzgame\cocos2d\cocos\2d\debug.win32\ccmenu.obj
e:\hzzgamelhdb\hzzgame\cocos2d\cocos\2d\debug.win32\ccmenuitem.obj
e:\hzzgamelhdb\hzzgame\cocos2d\cocos\2d\debug.win32\ccmenuitemimageloader.obj
e:\hzzgamelhdb\hzzgame\cocos2d\cocos\2d\debug.win32\ccmenuitemloader.obj
e:\hzzgamelhdb\hzzgame\cocos2d\cocos\2d\debug.win32\ccmesh.obj
e:\hzzgamelhdb\hzzgame\cocos2d\cocos\2d\debug.win32\ccmeshcommand.obj
e:\hzzgamelhdb\hzzgame\cocos2d\cocos\2d\debug.win32\ccmeshskin.obj
e:\hzzgamelhdb\hzzgame\cocos2d\cocos\2d\debug.win32\ccmeshvertexindexdata.obj
e:\hzzgamelhdb\hzzgame\cocos2d\cocos\2d\debug.win32\ccmotionstreak.obj
e:\hzzgamelhdb\hzzgame\cocos2d\cocos\2d\debug.win32\ccmotionstreak3d.obj
e:\hzzgamelhdb\hzzgame\cocos2d\cocos\2d\debug.win32\ccnavmesh.obj
e:\hzzgamelhdb\hzzgame\cocos2d\cocos\2d\debug.win32\ccnavmeshagent.obj
e:\hzzgamelhdb\hzzgame\cocos2d\cocos\2d\debug.win32\ccnavmeshdebugdraw.obj
e:\hzzgamelhdb\hzzgame\cocos2d\cocos\2d\debug.win32\ccnavmeshobstacle.obj
e:\hzzgamelhdb\hzzgame\cocos2d\cocos\2d\debug.win32\ccnavmeshutils.obj
e:\hzzgamelhdb\hzzgame\cocos2d\cocos\2d\debug.win32\ccninepatchimageparser.obj
e:\hzzgamelhdb\hzzgame\cocos2d\cocos\2d\debug.win32\ccnode+ccbrelativepositioning.obj
e:\hzzgamelhdb\hzzgame\cocos2d\cocos\2d\debug.win32\ccnode.obj
e:\hzzgamelhdb\hzzgame\cocos2d\cocos\2d\debug.win32\ccnodegrid.obj
e:\hzzgamelhdb\hzzgame\cocos2d\cocos\2d\debug.win32\ccnodeloader.obj
e:\hzzgamelhdb\hzzgame\cocos2d\cocos\2d\debug.win32\ccnodeloaderlibrary.obj
e:\hzzgamelhdb\hzzgame\cocos2d\cocos\2d\debug.win32\ccnotificationcenter.obj
e:\hzzgamelhdb\hzzgame\cocos2d\cocos\2d\debug.win32\ccns.obj
e:\hzzgamelhdb\hzzgame\cocos2d\cocos\2d\debug.win32\ccobb.obj
e:\hzzgamelhdb\hzzgame\cocos2d\cocos\2d\debug.win32\ccobjloader.obj
e:\hzzgamelhdb\hzzgame\cocos2d\cocos\2d\debug.win32\ccparallaxnode.obj
e:\hzzgamelhdb\hzzgame\cocos2d\cocos\2d\debug.win32\ccparticle3daffector.obj
e:\hzzgamelhdb\hzzgame\cocos2d\cocos\2d\debug.win32\ccparticle3demitter.obj
e:\hzzgamelhdb\hzzgame\cocos2d\cocos\2d\debug.win32\ccparticle3drender.obj
e:\hzzgamelhdb\hzzgame\cocos2d\cocos\2d\debug.win32\ccparticlebatchnode.obj
e:\hzzgamelhdb\hzzgame\cocos2d\cocos\2d\debug.win32\ccparticleexamples.obj
e:\hzzgamelhdb\hzzgame\cocos2d\cocos\2d\debug.win32\ccparticlesystem.obj
e:\hzzgamelhdb\hzzgame\cocos2d\cocos\2d\debug.win32\ccparticlesystem3d.obj
e:\hzzgamelhdb\hzzgame\cocos2d\cocos\2d\debug.win32\ccparticlesystemquad.obj
e:\hzzgamelhdb\hzzgame\cocos2d\cocos\2d\debug.win32\ccparticlesystemquadloader.obj
e:\hzzgamelhdb\hzzgame\cocos2d\cocos\2d\debug.win32\ccpass.obj
e:\hzzgamelhdb\hzzgame\cocos2d\cocos\2d\debug.win32\ccphysics3d.obj
e:\hzzgamelhdb\hzzgame\cocos2d\cocos\2d\debug.win32\ccphysics3dcomponent.obj
e:\hzzgamelhdb\hzzgame\cocos2d\cocos\2d\debug.win32\ccphysics3dconstraint.obj
e:\hzzgamelhdb\hzzgame\cocos2d\cocos\2d\debug.win32\ccphysics3ddebugdrawer.obj
e:\hzzgamelhdb\hzzgame\cocos2d\cocos\2d\debug.win32\ccphysics3dobject.obj
e:\hzzgamelhdb\hzzgame\cocos2d\cocos\2d\debug.win32\ccphysics3dshape.obj
e:\hzzgamelhdb\hzzgame\cocos2d\cocos\2d\debug.win32\ccphysics3dworld.obj
e:\hzzgamelhdb\hzzgame\cocos2d\cocos\2d\debug.win32\ccphysicsbody.obj
e:\hzzgamelhdb\hzzgame\cocos2d\cocos\2d\debug.win32\ccphysicscontact.obj
e:\hzzgamelhdb\hzzgame\cocos2d\cocos\2d\debug.win32\ccphysicsdebugnode.obj
e:\hzzgamelhdb\hzzgame\cocos2d\cocos\2d\debug.win32\ccphysicsjoint.obj
e:\hzzgamelhdb\hzzgame\cocos2d\cocos\2d\debug.win32\ccphysicsshape.obj
e:\hzzgamelhdb\hzzgame\cocos2d\cocos\2d\debug.win32\ccphysicssprite.obj
e:\hzzgamelhdb\hzzgame\cocos2d\cocos\2d\debug.win32\ccphysicssprite3d.obj
e:\hzzgamelhdb\hzzgame\cocos2d\cocos\2d\debug.win32\ccphysicsworld.obj
e:\hzzgamelhdb\hzzgame\cocos2d\cocos\2d\debug.win32\ccplane.obj
e:\hzzgamelhdb\hzzgame\cocos2d\cocos\2d\debug.win32\ccprimitive.obj
e:\hzzgamelhdb\hzzgame\cocos2d\cocos\2d\debug.win32\ccprimitivecommand.obj
e:\hzzgamelhdb\hzzgame\cocos2d\cocos\2d\debug.win32\ccprocessbase.obj
e:\hzzgamelhdb\hzzgame\cocos2d\cocos\2d\debug.win32\ccprofiling.obj
e:\hzzgamelhdb\hzzgame\cocos2d\cocos\2d\debug.win32\ccprogresstimer.obj
e:\hzzgamelhdb\hzzgame\cocos2d\cocos\2d\debug.win32\ccproperties.obj
e:\hzzgamelhdb\hzzgame\cocos2d\cocos\2d\debug.win32\ccprotectednode.obj
e:\hzzgamelhdb\hzzgame\cocos2d\cocos\2d\debug.win32\ccpuaffector.obj
e:\hzzgamelhdb\hzzgame\cocos2d\cocos\2d\debug.win32\ccpuaffectormanager.obj
e:\hzzgamelhdb\hzzgame\cocos2d\cocos\2d\debug.win32\ccpuaffectortranslator.obj
e:\hzzgamelhdb\hzzgame\cocos2d\cocos\2d\debug.win32\ccpualignaffector.obj
e:\hzzgamelhdb\hzzgame\cocos2d\cocos\2d\debug.win32\ccpualignaffectortranslator.obj
e:\hzzgamelhdb\hzzgame\cocos2d\cocos\2d\debug.win32\ccpubasecollider.obj
e:\hzzgamelhdb\hzzgame\cocos2d\cocos\2d\debug.win32\ccpubasecollidertranslator.obj
e:\hzzgamelhdb\hzzgame\cocos2d\cocos\2d\debug.win32\ccpubaseforceaffector.obj
e:\hzzgamelhdb\hzzgame\cocos2d\cocos\2d\debug.win32\ccpubaseforceaffectortranslator.obj
e:\hzzgamelhdb\hzzgame\cocos2d\cocos\2d\debug.win32\ccpubeamrender.obj
e:\hzzgamelhdb\hzzgame\cocos2d\cocos\2d\debug.win32\ccpubehaviour.obj
e:\hzzgamelhdb\hzzgame\cocos2d\cocos\2d\debug.win32\ccpubehaviourmanager.obj
e:\hzzgamelhdb\hzzgame\cocos2d\cocos\2d\debug.win32\ccpubehaviourtranslator.obj
e:\hzzgamelhdb\hzzgame\cocos2d\cocos\2d\debug.win32\ccpubillboardchain.obj
e:\hzzgamelhdb\hzzgame\cocos2d\cocos\2d\debug.win32\ccpuboxcollider.obj
e:\hzzgamelhdb\hzzgame\cocos2d\cocos\2d\debug.win32\ccpuboxcollidertranslator.obj
e:\hzzgamelhdb\hzzgame\cocos2d\cocos\2d\debug.win32\ccpuboxemitter.obj
e:\hzzgamelhdb\hzzgame\cocos2d\cocos\2d\debug.win32\ccpuboxemittertranslator.obj
e:\hzzgamelhdb\hzzgame\cocos2d\cocos\2d\debug.win32\ccpucircleemitter.obj
e:\hzzgamelhdb\hzzgame\cocos2d\cocos\2d\debug.win32\ccpucircleemittertranslator.obj
e:\hzzgamelhdb\hzzgame\cocos2d\cocos\2d\debug.win32\ccpucollisionavoidanceaffector.obj
e:\hzzgamelhdb\hzzgame\cocos2d\cocos\2d\debug.win32\ccpucollisionavoidanceaffectortranslator.obj
e:\hzzgamelhdb\hzzgame\cocos2d\cocos\2d\debug.win32\ccpucoloraffector.obj
e:\hzzgamelhdb\hzzgame\cocos2d\cocos\2d\debug.win32\ccpucoloraffectortranslator.obj
e:\hzzgamelhdb\hzzgame\cocos2d\cocos\2d\debug.win32\ccpudoaffectoreventhandler.obj
e:\hzzgamelhdb\hzzgame\cocos2d\cocos\2d\debug.win32\ccpudoaffectoreventhandlertranslator.obj
e:\hzzgamelhdb\hzzgame\cocos2d\cocos\2d\debug.win32\ccpudoenablecomponenteventhandler.obj
e:\hzzgamelhdb\hzzgame\cocos2d\cocos\2d\debug.win32\ccpudoenablecomponenteventhandlertranslator.obj
e:\hzzgamelhdb\hzzgame\cocos2d\cocos\2d\debug.win32\ccpudoexpireeventhandler.obj
e:\hzzgamelhdb\hzzgame\cocos2d\cocos\2d\debug.win32\ccpudoexpireeventhandlertranslator.obj
e:\hzzgamelhdb\hzzgame\cocos2d\cocos\2d\debug.win32\ccpudofreezeeventhandler.obj
e:\hzzgamelhdb\hzzgame\cocos2d\cocos\2d\debug.win32\ccpudofreezeeventhandlertranslator.obj
e:\hzzgamelhdb\hzzgame\cocos2d\cocos\2d\debug.win32\ccpudoplacementparticleeventhandler.obj
e:\hzzgamelhdb\hzzgame\cocos2d\cocos\2d\debug.win32\ccpudoplacementparticleeventhandlertranslator.obj
e:\hzzgamelhdb\hzzgame\cocos2d\cocos\2d\debug.win32\ccpudoscaleeventhandler.obj
e:\hzzgamelhdb\hzzgame\cocos2d\cocos\2d\debug.win32\ccpudoscaleeventhandlertranslator.obj
e:\hzzgamelhdb\hzzgame\cocos2d\cocos\2d\debug.win32\ccpudostopsystemeventhandler.obj
e:\hzzgamelhdb\hzzgame\cocos2d\cocos\2d\debug.win32\ccpudostopsystemeventhandlertranslator.obj
e:\hzzgamelhdb\hzzgame\cocos2d\cocos\2d\debug.win32\ccpudynamicattribute.obj
e:\hzzgamelhdb\hzzgame\cocos2d\cocos\2d\debug.win32\ccpudynamicattributetranslator.obj
e:\hzzgamelhdb\hzzgame\cocos2d\cocos\2d\debug.win32\ccpuemitter.obj
e:\hzzgamelhdb\hzzgame\cocos2d\cocos\2d\debug.win32\ccpuemittermanager.obj
e:\hzzgamelhdb\hzzgame\cocos2d\cocos\2d\debug.win32\ccpuemittertranslator.obj
e:\hzzgamelhdb\hzzgame\cocos2d\cocos\2d\debug.win32\ccpueventhandler.obj
e:\hzzgamelhdb\hzzgame\cocos2d\cocos\2d\debug.win32\ccpueventhandlermanager.obj
e:\hzzgamelhdb\hzzgame\cocos2d\cocos\2d\debug.win32\ccpueventhandlertranslator.obj
e:\hzzgamelhdb\hzzgame\cocos2d\cocos\2d\debug.win32\ccpuflockcenteringaffector.obj
e:\hzzgamelhdb\hzzgame\cocos2d\cocos\2d\debug.win32\ccpuflockcenteringaffectortranslator.obj
e:\hzzgamelhdb\hzzgame\cocos2d\cocos\2d\debug.win32\ccpuforcefield.obj
e:\hzzgamelhdb\hzzgame\cocos2d\cocos\2d\debug.win32\ccpuforcefieldaffector.obj
e:\hzzgamelhdb\hzzgame\cocos2d\cocos\2d\debug.win32\ccpuforcefieldaffectortranslator.obj
e:\hzzgamelhdb\hzzgame\cocos2d\cocos\2d\debug.win32\ccpugeometryrotator.obj
e:\hzzgamelhdb\hzzgame\cocos2d\cocos\2d\debug.win32\ccpugeometryrotatortranslator.obj
e:\hzzgamelhdb\hzzgame\cocos2d\cocos\2d\debug.win32\ccpugravityaffector.obj
e:\hzzgamelhdb\hzzgame\cocos2d\cocos\2d\debug.win32\ccpugravityaffectortranslator.obj
e:\hzzgamelhdb\hzzgame\cocos2d\cocos\2d\debug.win32\ccpuinterparticlecollider.obj
e:\hzzgamelhdb\hzzgame\cocos2d\cocos\2d\debug.win32\ccpuinterparticlecollidertranslator.obj
e:\hzzgamelhdb\hzzgame\cocos2d\cocos\2d\debug.win32\ccpujetaffector.obj
e:\hzzgamelhdb\hzzgame\cocos2d\cocos\2d\debug.win32\ccpujetaffectortranslator.obj
e:\hzzgamelhdb\hzzgame\cocos2d\cocos\2d\debug.win32\ccpulineaffector.obj
e:\hzzgamelhdb\hzzgame\cocos2d\cocos\2d\debug.win32\ccpulineaffectortranslator.obj
e:\hzzgamelhdb\hzzgame\cocos2d\cocos\2d\debug.win32\ccpulinearforceaffector.obj
e:\hzzgamelhdb\hzzgame\cocos2d\cocos\2d\debug.win32\ccpulinearforceaffectortranslator.obj
e:\hzzgamelhdb\hzzgame\cocos2d\cocos\2d\debug.win32\ccpulineemitter.obj
e:\hzzgamelhdb\hzzgame\cocos2d\cocos\2d\debug.win32\ccpulineemittertranslator.obj
e:\hzzgamelhdb\hzzgame\cocos2d\cocos\2d\debug.win32\ccpulistener.obj
e:\hzzgamelhdb\hzzgame\cocos2d\cocos\2d\debug.win32\ccpumaterialmanager.obj
e:\hzzgamelhdb\hzzgame\cocos2d\cocos\2d\debug.win32\ccpumaterialtranslator.obj
e:\hzzgamelhdb\hzzgame\cocos2d\cocos\2d\debug.win32\ccpumeshsurfaceemitter.obj
e:\hzzgamelhdb\hzzgame\cocos2d\cocos\2d\debug.win32\ccpumeshsurfaceemittertranslator.obj
e:\hzzgamelhdb\hzzgame\cocos2d\cocos\2d\debug.win32\ccpunoise.obj
e:\hzzgamelhdb\hzzgame\cocos2d\cocos\2d\debug.win32\ccpuobserver.obj
e:\hzzgamelhdb\hzzgame\cocos2d\cocos\2d\debug.win32\ccpuobservermanager.obj
e:\hzzgamelhdb\hzzgame\cocos2d\cocos\2d\debug.win32\ccpuobservertranslator.obj
e:\hzzgamelhdb\hzzgame\cocos2d\cocos\2d\debug.win32\ccpuonclearobserver.obj
e:\hzzgamelhdb\hzzgame\cocos2d\cocos\2d\debug.win32\ccpuonclearobservertranslator.obj
e:\hzzgamelhdb\hzzgame\cocos2d\cocos\2d\debug.win32\ccpuoncollisionobserver.obj
e:\hzzgamelhdb\hzzgame\cocos2d\cocos\2d\debug.win32\ccpuoncollisionobservertranslator.obj
e:\hzzgamelhdb\hzzgame\cocos2d\cocos\2d\debug.win32\ccpuoncountobserver.obj
e:\hzzgamelhdb\hzzgame\cocos2d\cocos\2d\debug.win32\ccpuoncountobservertranslator.obj
e:\hzzgamelhdb\hzzgame\cocos2d\cocos\2d\debug.win32\ccpuonemissionobserver.obj
e:\hzzgamelhdb\hzzgame\cocos2d\cocos\2d\debug.win32\ccpuonemissionobservertranslator.obj
e:\hzzgamelhdb\hzzgame\cocos2d\cocos\2d\debug.win32\ccpuoneventflagobserver.obj
e:\hzzgamelhdb\hzzgame\cocos2d\cocos\2d\debug.win32\ccpuoneventflagobservertranslator.obj
e:\hzzgamelhdb\hzzgame\cocos2d\cocos\2d\debug.win32\ccpuonexpireobserver.obj
e:\hzzgamelhdb\hzzgame\cocos2d\cocos\2d\debug.win32\ccpuonexpireobservertranslator.obj
e:\hzzgamelhdb\hzzgame\cocos2d\cocos\2d\debug.win32\ccpuonpositionobserver.obj
e:\hzzgamelhdb\hzzgame\cocos2d\cocos\2d\debug.win32\ccpuonpositionobservertranslator.obj
e:\hzzgamelhdb\hzzgame\cocos2d\cocos\2d\debug.win32\ccpuonquotaobserver.obj
e:\hzzgamelhdb\hzzgame\cocos2d\cocos\2d\debug.win32\ccpuonquotaobservertranslator.obj
e:\hzzgamelhdb\hzzgame\cocos2d\cocos\2d\debug.win32\ccpuonrandomobserver.obj
e:\hzzgamelhdb\hzzgame\cocos2d\cocos\2d\debug.win32\ccpuonrandomobservertranslator.obj
e:\hzzgamelhdb\hzzgame\cocos2d\cocos\2d\debug.win32\ccpuontimeobserver.obj
e:\hzzgamelhdb\hzzgame\cocos2d\cocos\2d\debug.win32\ccpuontimeobservertranslator.obj
e:\hzzgamelhdb\hzzgame\cocos2d\cocos\2d\debug.win32\ccpuonvelocityobserver.obj
e:\hzzgamelhdb\hzzgame\cocos2d\cocos\2d\debug.win32\ccpuonvelocityobservertranslator.obj
e:\hzzgamelhdb\hzzgame\cocos2d\cocos\2d\debug.win32\ccpuparticlefollower.obj
e:\hzzgamelhdb\hzzgame\cocos2d\cocos\2d\debug.win32\ccpuparticlefollowertranslator.obj
e:\hzzgamelhdb\hzzgame\cocos2d\cocos\2d\debug.win32\ccpuparticlesystem3d.obj
e:\hzzgamelhdb\hzzgame\cocos2d\cocos\2d\debug.win32\ccpuparticlesystem3dtranslator.obj
e:\hzzgamelhdb\hzzgame\cocos2d\cocos\2d\debug.win32\ccpupathfollower.obj
e:\hzzgamelhdb\hzzgame\cocos2d\cocos\2d\debug.win32\ccpupathfollowertranslator.obj
e:\hzzgamelhdb\hzzgame\cocos2d\cocos\2d\debug.win32\ccpuplane.obj
e:\hzzgamelhdb\hzzgame\cocos2d\cocos\2d\debug.win32\ccpuplanecollider.obj
e:\hzzgamelhdb\hzzgame\cocos2d\cocos\2d\debug.win32\ccpuplanecollidertranslator.obj
e:\hzzgamelhdb\hzzgame\cocos2d\cocos\2d\debug.win32\ccpupointemitter.obj
e:\hzzgamelhdb\hzzgame\cocos2d\cocos\2d\debug.win32\ccpupointemittertranslator.obj
e:\hzzgamelhdb\hzzgame\cocos2d\cocos\2d\debug.win32\ccpupositionemitter.obj
e:\hzzgamelhdb\hzzgame\cocos2d\cocos\2d\debug.win32\ccpupositionemittertranslator.obj
e:\hzzgamelhdb\hzzgame\cocos2d\cocos\2d\debug.win32\ccpurandomiser.obj
e:\hzzgamelhdb\hzzgame\cocos2d\cocos\2d\debug.win32\ccpurandomisertranslator.obj
e:\hzzgamelhdb\hzzgame\cocos2d\cocos\2d\debug.win32\ccpurender.obj
e:\hzzgamelhdb\hzzgame\cocos2d\cocos\2d\debug.win32\ccpurenderertranslator.obj
e:\hzzgamelhdb\hzzgame\cocos2d\cocos\2d\debug.win32\ccpuribbontrail.obj
e:\hzzgamelhdb\hzzgame\cocos2d\cocos\2d\debug.win32\ccpuribbontrailrender.obj
e:\hzzgamelhdb\hzzgame\cocos2d\cocos\2d\debug.win32\ccpuscaleaffector.obj
e:\hzzgamelhdb\hzzgame\cocos2d\cocos\2d\debug.win32\ccpuscaleaffectortranslator.obj
e:\hzzgamelhdb\hzzgame\cocos2d\cocos\2d\debug.win32\ccpuscalevelocityaffector.obj
e:\hzzgamelhdb\hzzgame\cocos2d\cocos\2d\debug.win32\ccpuscalevelocityaffectortranslator.obj
e:\hzzgamelhdb\hzzgame\cocos2d\cocos\2d\debug.win32\ccpuscriptcompiler.obj
e:\hzzgamelhdb\hzzgame\cocos2d\cocos\2d\debug.win32\ccpuscriptlexer.obj
e:\hzzgamelhdb\hzzgame\cocos2d\cocos\2d\debug.win32\ccpuscriptparser.obj
e:\hzzgamelhdb\hzzgame\cocos2d\cocos\2d\debug.win32\ccpuscripttranslator.obj
e:\hzzgamelhdb\hzzgame\cocos2d\cocos\2d\debug.win32\ccpusimplespline.obj
e:\hzzgamelhdb\hzzgame\cocos2d\cocos\2d\debug.win32\ccpusineforceaffector.obj
e:\hzzgamelhdb\hzzgame\cocos2d\cocos\2d\debug.win32\ccpusineforceaffectortranslator.obj
e:\hzzgamelhdb\hzzgame\cocos2d\cocos\2d\debug.win32\ccpuslavebehaviour.obj
e:\hzzgamelhdb\hzzgame\cocos2d\cocos\2d\debug.win32\ccpuslavebehaviourtranslator.obj
e:\hzzgamelhdb\hzzgame\cocos2d\cocos\2d\debug.win32\ccpuslaveemitter.obj
e:\hzzgamelhdb\hzzgame\cocos2d\cocos\2d\debug.win32\ccpuslaveemittertranslator.obj
e:\hzzgamelhdb\hzzgame\cocos2d\cocos\2d\debug.win32\ccpusphere.obj
e:\hzzgamelhdb\hzzgame\cocos2d\cocos\2d\debug.win32\ccpuspherecollider.obj
e:\hzzgamelhdb\hzzgame\cocos2d\cocos\2d\debug.win32\ccpuspherecollidertranslator.obj
e:\hzzgamelhdb\hzzgame\cocos2d\cocos\2d\debug.win32\ccpuspheresurfaceemitter.obj
e:\hzzgamelhdb\hzzgame\cocos2d\cocos\2d\debug.win32\ccpuspheresurfaceemittertranslator.obj
e:\hzzgamelhdb\hzzgame\cocos2d\cocos\2d\debug.win32\ccputechniquetranslator.obj
e:\hzzgamelhdb\hzzgame\cocos2d\cocos\2d\debug.win32\ccputextureanimator.obj
e:\hzzgamelhdb\hzzgame\cocos2d\cocos\2d\debug.win32\ccputextureanimatortranslator.obj
e:\hzzgamelhdb\hzzgame\cocos2d\cocos\2d\debug.win32\ccputexturerotator.obj
e:\hzzgamelhdb\hzzgame\cocos2d\cocos\2d\debug.win32\ccputexturerotatortranslator.obj
e:\hzzgamelhdb\hzzgame\cocos2d\cocos\2d\debug.win32\ccputranslatemanager.obj
e:\hzzgamelhdb\hzzgame\cocos2d\cocos\2d\debug.win32\ccpuutil.obj
e:\hzzgamelhdb\hzzgame\cocos2d\cocos\2d\debug.win32\ccpuvelocitymatchingaffector.obj
e:\hzzgamelhdb\hzzgame\cocos2d\cocos\2d\debug.win32\ccpuvelocitymatchingaffectortranslator.obj
e:\hzzgamelhdb\hzzgame\cocos2d\cocos\2d\debug.win32\ccpuvertexemitter.obj
e:\hzzgamelhdb\hzzgame\cocos2d\cocos\2d\debug.win32\ccpuvortexaffector.obj
e:\hzzgamelhdb\hzzgame\cocos2d\cocos\2d\debug.win32\ccpuvortexaffectortranslator.obj
e:\hzzgamelhdb\hzzgame\cocos2d\cocos\2d\debug.win32\ccquadcommand.obj
e:\hzzgamelhdb\hzzgame\cocos2d\cocos\2d\debug.win32\ccrandom.obj
e:\hzzgamelhdb\hzzgame\cocos2d\cocos\2d\debug.win32\ccray.obj
e:\hzzgamelhdb\hzzgame\cocos2d\cocos\2d\debug.win32\ccref.obj
e:\hzzgamelhdb\hzzgame\cocos2d\cocos\2d\debug.win32\ccrendercommand.obj
e:\hzzgamelhdb\hzzgame\cocos2d\cocos\2d\debug.win32\ccrenderer.obj
e:\hzzgamelhdb\hzzgame\cocos2d\cocos\2d\debug.win32\ccrenderstate.obj
e:\hzzgamelhdb\hzzgame\cocos2d\cocos\2d\debug.win32\ccrendertexture.obj
e:\hzzgamelhdb\hzzgame\cocos2d\cocos\2d\debug.win32\ccsaxparser.obj
e:\hzzgamelhdb\hzzgame\cocos2d\cocos\2d\debug.win32\ccscale9spriteloader.obj
e:\hzzgamelhdb\hzzgame\cocos2d\cocos\2d\debug.win32\ccscene.obj
e:\hzzgamelhdb\hzzgame\cocos2d\cocos\2d\debug.win32\ccscheduler.obj
e:\hzzgamelhdb\hzzgame\cocos2d\cocos\2d\debug.win32\ccscriptsupport.obj
e:\hzzgamelhdb\hzzgame\cocos2d\cocos\2d\debug.win32\ccscrollview.obj
e:\hzzgamelhdb\hzzgame\cocos2d\cocos\2d\debug.win32\ccscrollviewloader.obj
e:\hzzgamelhdb\hzzgame\cocos2d\cocos\2d\debug.win32\ccset.obj
e:\hzzgamelhdb\hzzgame\cocos2d\cocos\2d\debug.win32\ccsguireader.obj
e:\hzzgamelhdb\hzzgame\cocos2d\cocos\2d\debug.win32\ccshaders.obj
e:\hzzgamelhdb\hzzgame\cocos2d\cocos\2d\debug.win32\ccskeleton3d.obj
e:\hzzgamelhdb\hzzgame\cocos2d\cocos\2d\debug.win32\ccskeletonnode.obj
e:\hzzgamelhdb\hzzgame\cocos2d\cocos\2d\debug.win32\ccskin.obj
e:\hzzgamelhdb\hzzgame\cocos2d\cocos\2d\debug.win32\ccskinnode.obj
e:\hzzgamelhdb\hzzgame\cocos2d\cocos\2d\debug.win32\ccskybox.obj
e:\hzzgamelhdb\hzzgame\cocos2d\cocos\2d\debug.win32\ccsprite.obj
e:\hzzgamelhdb\hzzgame\cocos2d\cocos\2d\debug.win32\ccsprite3d.obj
e:\hzzgamelhdb\hzzgame\cocos2d\cocos\2d\debug.win32\ccsprite3dmaterial.obj
e:\hzzgamelhdb\hzzgame\cocos2d\cocos\2d\debug.win32\ccspritebatchnode.obj
e:\hzzgamelhdb\hzzgame\cocos2d\cocos\2d\debug.win32\ccspriteframe.obj
e:\hzzgamelhdb\hzzgame\cocos2d\cocos\2d\debug.win32\ccspriteframecache.obj
e:\hzzgamelhdb\hzzgame\cocos2d\cocos\2d\debug.win32\ccspriteframecachehelper.obj
e:\hzzgamelhdb\hzzgame\cocos2d\cocos\2d\debug.win32\ccspriteloader.obj
e:\hzzgamelhdb\hzzgame\cocos2d\cocos\2d\debug.win32\ccsscenereader.obj
e:\hzzgamelhdb\hzzgame\cocos2d\cocos\2d\debug.win32\ccstdc-win32.obj
e:\hzzgamelhdb\hzzgame\cocos2d\cocos\2d\debug.win32\ccstencilstatemanager.obj
e:\hzzgamelhdb\hzzgame\cocos2d\cocos\2d\debug.win32\ccstring.obj
e:\hzzgamelhdb\hzzgame\cocos2d\cocos\2d\debug.win32\cctableview.obj
e:\hzzgamelhdb\hzzgame\cocos2d\cocos\2d\debug.win32\cctableviewcell.obj
e:\hzzgamelhdb\hzzgame\cocos2d\cocos\2d\debug.win32\cctechnique.obj
e:\hzzgamelhdb\hzzgame\cocos2d\cocos\2d\debug.win32\ccterrain.obj
e:\hzzgamelhdb\hzzgame\cocos2d\cocos\2d\debug.win32\cctextfieldttf.obj
e:\hzzgamelhdb\hzzgame\cocos2d\cocos\2d\debug.win32\cctexture2d.obj
e:\hzzgamelhdb\hzzgame\cocos2d\cocos\2d\debug.win32\cctextureatlas.obj
e:\hzzgamelhdb\hzzgame\cocos2d\cocos\2d\debug.win32\cctexturecache.obj
e:\hzzgamelhdb\hzzgame\cocos2d\cocos\2d\debug.win32\cctexturecube.obj
e:\hzzgamelhdb\hzzgame\cocos2d\cocos\2d\debug.win32\ccthread.obj
e:\hzzgamelhdb\hzzgame\cocos2d\cocos\2d\debug.win32\cctilemapatlas.obj
e:\hzzgamelhdb\hzzgame\cocos2d\cocos\2d\debug.win32\cctimeline.obj
e:\hzzgamelhdb\hzzgame\cocos2d\cocos\2d\debug.win32\cctmxlayer.obj
e:\hzzgamelhdb\hzzgame\cocos2d\cocos\2d\debug.win32\cctmxobjectgroup.obj
e:\hzzgamelhdb\hzzgame\cocos2d\cocos\2d\debug.win32\cctmxtiledmap.obj
e:\hzzgamelhdb\hzzgame\cocos2d\cocos\2d\debug.win32\cctmxxmlparser.obj
e:\hzzgamelhdb\hzzgame\cocos2d\cocos\2d\debug.win32\cctouch.obj
e:\hzzgamelhdb\hzzgame\cocos2d\cocos\2d\debug.win32\cctransformhelp.obj
e:\hzzgamelhdb\hzzgame\cocos2d\cocos\2d\debug.win32\cctransition.obj
e:\hzzgamelhdb\hzzgame\cocos2d\cocos\2d\debug.win32\cctransitionpageturn.obj
e:\hzzgamelhdb\hzzgame\cocos2d\cocos\2d\debug.win32\cctransitionprogress.obj
e:\hzzgamelhdb\hzzgame\cocos2d\cocos\2d\debug.win32\cctrianglescommand.obj
e:\hzzgamelhdb\hzzgame\cocos2d\cocos\2d\debug.win32\cctween.obj
e:\hzzgamelhdb\hzzgame\cocos2d\cocos\2d\debug.win32\cctweenfunction.obj
e:\hzzgamelhdb\hzzgame\cocos2d\cocos\2d\debug.win32\cctypes.obj
e:\hzzgamelhdb\hzzgame\cocos2d\cocos\2d\debug.win32\ccuserdefault.obj
e:\hzzgamelhdb\hzzgame\cocos2d\cocos\2d\debug.win32\ccutf8.obj
e:\hzzgamelhdb\hzzgame\cocos2d\cocos\2d\debug.win32\ccutilmath.obj
e:\hzzgamelhdb\hzzgame\cocos2d\cocos\2d\debug.win32\ccutils.obj
e:\hzzgamelhdb\hzzgame\cocos2d\cocos\2d\debug.win32\ccvalue.obj
e:\hzzgamelhdb\hzzgame\cocos2d\cocos\2d\debug.win32\ccvertex.obj
e:\hzzgamelhdb\hzzgame\cocos2d\cocos\2d\debug.win32\ccvertexattribbinding.obj
e:\hzzgamelhdb\hzzgame\cocos2d\cocos\2d\debug.win32\ccvertexindexbuffer.obj
e:\hzzgamelhdb\hzzgame\cocos2d\cocos\2d\debug.win32\ccvertexindexdata.obj
e:\hzzgamelhdb\hzzgame\cocos2d\cocos\2d\debug.win32\cdt.obj
e:\hzzgamelhdb\hzzgame\cocos2d\cocos\2d\debug.win32\checkboxreader.obj
e:\hzzgamelhdb\hzzgame\cocos2d\cocos\2d\debug.win32\clipper.obj
e:\hzzgamelhdb\hzzgame\cocos2d\cocos\2d\debug.win32\cocoloader.obj
e:\hzzgamelhdb\hzzgame\cocos2d\cocos\2d\debug.win32\cocos2d.obj
e:\hzzgamelhdb\hzzgame\cocos2d\cocos\2d\debug.win32\cocosgui.obj
e:\hzzgamelhdb\hzzgame\cocos2d\cocos\2d\debug.win32\cocostudio.obj
e:\hzzgamelhdb\hzzgame\cocos2d\cocos\2d\debug.win32\comaudioreader.obj
e:\hzzgamelhdb\hzzgame\cocos2d\cocos\2d\debug.win32\convertutf.obj
e:\hzzgamelhdb\hzzgame\cocos2d\cocos\2d\debug.win32\convertutfwrapper.obj
e:\hzzgamelhdb\hzzgame\cocos2d\cocos\2d\debug.win32\csloader.obj
e:\hzzgamelhdb\hzzgame\cocos2d\cocos\2d\debug.win32\dictionaryhelper.obj
e:\hzzgamelhdb\hzzgame\cocos2d\cocos\2d\debug.win32\edtaa3func.obj
e:\hzzgamelhdb\hzzgame\cocos2d\cocos\2d\debug.win32\etc1.obj
e:\hzzgamelhdb\hzzgame\cocos2d\cocos\2d\debug.win32\flatbuffersserialize.obj
e:\hzzgamelhdb\hzzgame\cocos2d\cocos\2d\debug.win32\flatc.obj
e:\hzzgamelhdb\hzzgame\cocos2d\cocos\2d\debug.win32\gamemapreader.obj
e:\hzzgamelhdb\hzzgame\cocos2d\cocos\2d\debug.win32\gamenode3dreader.obj
e:\hzzgamelhdb\hzzgame\cocos2d\cocos\2d\debug.win32\httpclient.obj
e:\hzzgamelhdb\hzzgame\cocos2d\cocos\2d\debug.win32\idl_gen_cpp.obj
e:\hzzgamelhdb\hzzgame\cocos2d\cocos\2d\debug.win32\idl_gen_fbs.obj
e:\hzzgamelhdb\hzzgame\cocos2d\cocos\2d\debug.win32\idl_gen_general.obj
e:\hzzgamelhdb\hzzgame\cocos2d\cocos\2d\debug.win32\idl_gen_go.obj
e:\hzzgamelhdb\hzzgame\cocos2d\cocos\2d\debug.win32\idl_gen_text.obj
e:\hzzgamelhdb\hzzgame\cocos2d\cocos\2d\debug.win32\idl_parser.obj
e:\hzzgamelhdb\hzzgame\cocos2d\cocos\2d\debug.win32\imageviewreader.obj
e:\hzzgamelhdb\hzzgame\cocos2d\cocos\2d\debug.win32\ioapi.obj
e:\hzzgamelhdb\hzzgame\cocos2d\cocos\2d\debug.win32\ioapi_mem.obj
e:\hzzgamelhdb\hzzgame\cocos2d\cocos\2d\debug.win32\layoutreader.obj
e:\hzzgamelhdb\hzzgame\cocos2d\cocos\2d\debug.win32\light3dreader.obj
e:\hzzgamelhdb\hzzgame\cocos2d\cocos\2d\debug.win32\listviewreader.obj
e:\hzzgamelhdb\hzzgame\cocos2d\cocos\2d\debug.win32\loadingbarreader.obj
e:\hzzgamelhdb\hzzgame\cocos2d\cocos\2d\debug.win32\localizationmanager.obj
e:\hzzgamelhdb\hzzgame\cocos2d\cocos\2d\debug.win32\localstorage.obj
e:\hzzgamelhdb\hzzgame\cocos2d\cocos\2d\debug.win32\manifest.obj
e:\hzzgamelhdb\hzzgame\cocos2d\cocos\2d\debug.win32\mat4.obj
e:\hzzgamelhdb\hzzgame\cocos2d\cocos\2d\debug.win32\mathutil.obj
e:\hzzgamelhdb\hzzgame\cocos2d\cocos\2d\debug.win32\mciplayer.obj
e:\hzzgamelhdb\hzzgame\cocos2d\cocos\2d\debug.win32\node3dreader.obj
e:\hzzgamelhdb\hzzgame\cocos2d\cocos\2d\debug.win32\nodereader.obj
e:\hzzgamelhdb\hzzgame\cocos2d\cocos\2d\debug.win32\nodereaderdefine.obj
e:\hzzgamelhdb\hzzgame\cocos2d\cocos\2d\debug.win32\nodereaderprotocol.obj
e:\hzzgamelhdb\hzzgame\cocos2d\cocos\2d\debug.win32\objectfactory.obj
e:\hzzgamelhdb\hzzgame\cocos2d\cocos\2d\debug.win32\pageviewreader.obj
e:\hzzgamelhdb\hzzgame\cocos2d\cocos\2d\debug.win32\particle3dreader.obj
e:\hzzgamelhdb\hzzgame\cocos2d\cocos\2d\debug.win32\particlereader.obj
e:\hzzgamelhdb\hzzgame\cocos2d\cocos\2d\debug.win32\projectnodereader.obj
e:\hzzgamelhdb\hzzgame\cocos2d\cocos\2d\debug.win32\pvr.obj
e:\hzzgamelhdb\hzzgame\cocos2d\cocos\2d\debug.win32\quaternion.obj
e:\hzzgamelhdb\hzzgame\cocos2d\cocos\2d\debug.win32\s3tc.obj
e:\hzzgamelhdb\hzzgame\cocos2d\cocos\2d\debug.win32\scrollviewreader.obj
e:\hzzgamelhdb\hzzgame\cocos2d\cocos\2d\debug.win32\shapes.obj
e:\hzzgamelhdb\hzzgame\cocos2d\cocos\2d\debug.win32\simpleaudioengine.obj
e:\hzzgamelhdb\hzzgame\cocos2d\cocos\2d\debug.win32\singlenodereader.obj
e:\hzzgamelhdb\hzzgame\cocos2d\cocos\2d\debug.win32\skeletonnodereader.obj
e:\hzzgamelhdb\hzzgame\cocos2d\cocos\2d\debug.win32\sliderreader.obj
e:\hzzgamelhdb\hzzgame\cocos2d\cocos\2d\debug.win32\socketio.obj
e:\hzzgamelhdb\hzzgame\cocos2d\cocos\2d\debug.win32\sprite3dreader.obj
e:\hzzgamelhdb\hzzgame\cocos2d\cocos\2d\debug.win32\spritereader.obj
e:\hzzgamelhdb\hzzgame\cocos2d\cocos\2d\debug.win32\sweep.obj
e:\hzzgamelhdb\hzzgame\cocos2d\cocos\2d\debug.win32\sweep_context.obj
e:\hzzgamelhdb\hzzgame\cocos2d\cocos\2d\debug.win32\tabcontrolreader.obj
e:\hzzgamelhdb\hzzgame\cocos2d\cocos\2d\debug.win32\textatlasreader.obj
e:\hzzgamelhdb\hzzgame\cocos2d\cocos\2d\debug.win32\textbmfontreader.obj
e:\hzzgamelhdb\hzzgame\cocos2d\cocos\2d\debug.win32\textfieldreader.obj
e:\hzzgamelhdb\hzzgame\cocos2d\cocos\2d\debug.win32\textreader.obj
e:\hzzgamelhdb\hzzgame\cocos2d\cocos\2d\debug.win32\tgalib.obj
e:\hzzgamelhdb\hzzgame\cocos2d\cocos\2d\debug.win32\tinyxml2.obj
e:\hzzgamelhdb\hzzgame\cocos2d\cocos\2d\debug.win32\transformutils.obj
e:\hzzgamelhdb\hzzgame\cocos2d\cocos\2d\debug.win32\triggerbase.obj
e:\hzzgamelhdb\hzzgame\cocos2d\cocos\2d\debug.win32\triggermng.obj
e:\hzzgamelhdb\hzzgame\cocos2d\cocos\2d\debug.win32\triggerobj.obj
e:\hzzgamelhdb\hzzgame\cocos2d\cocos\2d\debug.win32\uiabstractcheckbutton.obj
e:\hzzgamelhdb\hzzgame\cocos2d\cocos\2d\debug.win32\uibutton.obj
e:\hzzgamelhdb\hzzgame\cocos2d\cocos\2d\debug.win32\uicheckbox.obj
e:\hzzgamelhdb\hzzgame\cocos2d\cocos\2d\debug.win32\uideprecated.obj
e:\hzzgamelhdb\hzzgame\cocos2d\cocos\2d\debug.win32\uieditbox.obj
e:\hzzgamelhdb\hzzgame\cocos2d\cocos\2d\debug.win32\uieditboximpl-win32.obj
e:\hzzgamelhdb\hzzgame\cocos2d\cocos\2d\debug.win32\uihbox.obj
e:\hzzgamelhdb\hzzgame\cocos2d\cocos\2d\debug.win32\uihelper.obj
e:\hzzgamelhdb\hzzgame\cocos2d\cocos\2d\debug.win32\uiimageview.obj
e:\hzzgamelhdb\hzzgame\cocos2d\cocos\2d\debug.win32\uilayout.obj
e:\hzzgamelhdb\hzzgame\cocos2d\cocos\2d\debug.win32\uilayoutcomponent.obj
e:\hzzgamelhdb\hzzgame\cocos2d\cocos\2d\debug.win32\uilayoutmanager.obj
e:\hzzgamelhdb\hzzgame\cocos2d\cocos\2d\debug.win32\uilayoutparameter.obj
e:\hzzgamelhdb\hzzgame\cocos2d\cocos\2d\debug.win32\uilistview.obj
e:\hzzgamelhdb\hzzgame\cocos2d\cocos\2d\debug.win32\uiloadingbar.obj
e:\hzzgamelhdb\hzzgame\cocos2d\cocos\2d\debug.win32\uipageview.obj
e:\hzzgamelhdb\hzzgame\cocos2d\cocos\2d\debug.win32\uipageviewindicator.obj
e:\hzzgamelhdb\hzzgame\cocos2d\cocos\2d\debug.win32\uiradiobutton.obj
e:\hzzgamelhdb\hzzgame\cocos2d\cocos\2d\debug.win32\uirelativebox.obj
e:\hzzgamelhdb\hzzgame\cocos2d\cocos\2d\debug.win32\uirichtext.obj
e:\hzzgamelhdb\hzzgame\cocos2d\cocos\2d\debug.win32\uiscale9sprite.obj
e:\hzzgamelhdb\hzzgame\cocos2d\cocos\2d\debug.win32\uiscrollview.obj
e:\hzzgamelhdb\hzzgame\cocos2d\cocos\2d\debug.win32\uiscrollviewbar.obj
e:\hzzgamelhdb\hzzgame\cocos2d\cocos\2d\debug.win32\uislider.obj
e:\hzzgamelhdb\hzzgame\cocos2d\cocos\2d\debug.win32\uitabcontrol.obj
e:\hzzgamelhdb\hzzgame\cocos2d\cocos\2d\debug.win32\uitext.obj
e:\hzzgamelhdb\hzzgame\cocos2d\cocos\2d\debug.win32\uitextatlas.obj
e:\hzzgamelhdb\hzzgame\cocos2d\cocos\2d\debug.win32\uitextbmfont.obj
e:\hzzgamelhdb\hzzgame\cocos2d\cocos\2d\debug.win32\uitextfield.obj
e:\hzzgamelhdb\hzzgame\cocos2d\cocos\2d\debug.win32\uivbox.obj
e:\hzzgamelhdb\hzzgame\cocos2d\cocos\2d\debug.win32\uiwebview.obj
e:\hzzgamelhdb\hzzgame\cocos2d\cocos\2d\debug.win32\uiwidget.obj
e:\hzzgamelhdb\hzzgame\cocos2d\cocos\2d\debug.win32\unzip.obj
e:\hzzgamelhdb\hzzgame\cocos2d\cocos\2d\debug.win32\usercamerareader.obj
e:\hzzgamelhdb\hzzgame\cocos2d\cocos\2d\debug.win32\vec2.obj
e:\hzzgamelhdb\hzzgame\cocos2d\cocos\2d\debug.win32\vec3.obj
e:\hzzgamelhdb\hzzgame\cocos2d\cocos\2d\debug.win32\vec4.obj
e:\hzzgamelhdb\hzzgame\cocos2d\cocos\2d\debug.win32\websocket.obj
e:\hzzgamelhdb\hzzgame\cocos2d\cocos\2d\debug.win32\widgetcallbackhandlerprotocol.obj
e:\hzzgamelhdb\hzzgame\cocos2d\cocos\2d\debug.win32\widgetreader.obj
e:\hzzgamelhdb\hzzgame\cocos2d\cocos\2d\debug.win32\xxhash.obj
e:\hzzgamelhdb\hzzgame\cocos2d\cocos\2d\debug.win32\ziputils.obj
e:\hzzgamelhdb\hzzgame\proj.win32\debug.win32\libcocos2d.dll
e:\hzzgamelhdb\hzzgame\cocos2d\cocos\2d\debug.win32\libcocos2d.tlog\cl.command.1.tlog
e:\hzzgamelhdb\hzzgame\cocos2d\cocos\2d\debug.win32\libcocos2d.tlog\cl.read.1.tlog
e:\hzzgamelhdb\hzzgame\cocos2d\cocos\2d\debug.win32\libcocos2d.tlog\cl.write.1.tlog
e:\hzzgamelhdb\hzzgame\cocos2d\cocos\2d\debug.win32\libcocos2d.tlog\libcocos2d.write.1u.tlog
e:\hzzgamelhdb\hzzgame\cocos2d\cocos\2d\debug.win32\libcocos2d.tlog\link.command.1.tlog
e:\hzzgamelhdb\hzzgame\cocos2d\cocos\2d\debug.win32\libcocos2d.tlog\link.read.1.tlog
e:\hzzgamelhdb\hzzgame\cocos2d\cocos\2d\debug.win32\libcocos2d.tlog\link.write.1.tlog
