生成启动时间为 2017/8/6 11:15:45。
     1>项目“D:\code\waibao\hzzgameLHDB\hzzgame\hzzlhdb\cocos2d\cocos\2d\libcocos2d.vcxproj”在节点 2 上(Build 个目标)。
     1>PreLinkEvent:
         if not exist "D:\code\waibao\hzzgameLHDB\hzzgame\hzzlhdb\proj.win32\Debug.win32\" mkdir "D:\code\waibao\hzzgameLHDB\hzzgame\hzzlhdb\proj.win32\Debug.win32\"
         xcopy /Y /Q "D:\code\waibao\hzzgameLHDB\hzzgame\hzzlhdb\cocos2d\cocos\2d\..\..\external\freetype2\prebuilt\win32\*.*" "D:\code\waibao\hzzgameLHDB\hzzgame\hzzlhdb\proj.win32\Debug.win32\"
         xcopy /Y /Q "D:\code\waibao\hzzgameLHDB\hzzgame\hzzlhdb\cocos2d\cocos\2d\..\..\external\glfw3\prebuilt\win32\*.*" "D:\code\waibao\hzzgameLHDB\hzzgame\hzzlhdb\proj.win32\Debug.win32\"
         xcopy /Y /Q "D:\code\waibao\hzzgameLHDB\hzzgame\hzzlhdb\cocos2d\cocos\2d\..\..\external\curl\prebuilt\win32\*.*" "D:\code\waibao\hzzgameLHDB\hzzgame\hzzlhdb\proj.win32\Debug.win32\"
         xcopy /Y /Q "D:\code\waibao\hzzgameLHDB\hzzgame\hzzlhdb\cocos2d\cocos\2d\..\..\external\jpeg\prebuilt\win32\*.*" "D:\code\waibao\hzzgameLHDB\hzzgame\hzzlhdb\proj.win32\Debug.win32\"
         xcopy /Y /Q "D:\code\waibao\hzzgameLHDB\hzzgame\hzzlhdb\cocos2d\cocos\2d\..\..\external\png\prebuilt\win32\*.*" "D:\code\waibao\hzzgameLHDB\hzzgame\hzzlhdb\proj.win32\Debug.win32\"
         xcopy /Y /Q "D:\code\waibao\hzzgameLHDB\hzzgame\hzzlhdb\cocos2d\cocos\2d\..\..\external\tiff\prebuilt\win32\*.*" "D:\code\waibao\hzzgameLHDB\hzzgame\hzzlhdb\proj.win32\Debug.win32\"
         xcopy /Y /Q "D:\code\waibao\hzzgameLHDB\hzzgame\hzzlhdb\cocos2d\cocos\2d\..\..\external\webp\prebuilt\win32\*.*" "D:\code\waibao\hzzgameLHDB\hzzgame\hzzlhdb\proj.win32\Debug.win32\"
         xcopy /Y /Q "D:\code\waibao\hzzgameLHDB\hzzgame\hzzlhdb\cocos2d\cocos\2d\..\..\external\websockets\prebuilt\win32\*.*" "D:\code\waibao\hzzgameLHDB\hzzgame\hzzlhdb\proj.win32\Debug.win32\"
         xcopy /Y /Q "D:\code\waibao\hzzgameLHDB\hzzgame\hzzlhdb\cocos2d\cocos\2d\..\..\external\win32-specific\zlib\prebuilt\*.*" "D:\code\waibao\hzzgameLHDB\hzzgame\hzzlhdb\proj.win32\Debug.win32\"
         xcopy /Y /Q "D:\code\waibao\hzzgameLHDB\hzzgame\hzzlhdb\cocos2d\cocos\2d\..\..\external\win32-specific\icon\prebuilt\*.*" "D:\code\waibao\hzzgameLHDB\hzzgame\hzzlhdb\proj.win32\Debug.win32\"
         xcopy /Y /Q "D:\code\waibao\hzzgameLHDB\hzzgame\hzzlhdb\cocos2d\cocos\2d\..\..\external\win32-specific\gles\prebuilt\*.*" "D:\code\waibao\hzzgameLHDB\hzzgame\hzzlhdb\proj.win32\Debug.win32\"
         xcopy /Y /Q "D:\code\waibao\hzzgameLHDB\hzzgame\hzzlhdb\cocos2d\cocos\2d\..\..\external\win32-specific\OpenalSoft\prebuilt\*.*" "D:\code\waibao\hzzgameLHDB\hzzgame\hzzlhdb\proj.win32\Debug.win32\"
         xcopy /Y /Q "D:\code\waibao\hzzgameLHDB\hzzgame\hzzlhdb\cocos2d\cocos\2d\..\..\external\win32-specific\MP3Decoder\prebuilt\*.*" "D:\code\waibao\hzzgameLHDB\hzzgame\hzzlhdb\proj.win32\Debug.win32\"
         xcopy /Y /Q "D:\code\waibao\hzzgameLHDB\hzzgame\hzzlhdb\cocos2d\cocos\2d\..\..\external\win32-specific\OggDecoder\prebuilt\*.*" "D:\code\waibao\hzzgameLHDB\hzzgame\hzzlhdb\proj.win32\Debug.win32\"
         xcopy /Y /Q "D:\code\waibao\hzzgameLHDB\hzzgame\hzzlhdb\cocos2d\cocos\2d\..\..\external\sqlite3\libraries\win32\*.*" "D:\code\waibao\hzzgameLHDB\hzzgame\hzzlhdb\proj.win32\Debug.win32\"
         xcopy /Y /Q "D:\code\waibao\hzzgameLHDB\hzzgame\hzzlhdb\cocos2d\cocos\2d\..\..\external\chipmunk\prebuilt\win32\debug-lib\*.*" "D:\code\waibao\hzzgameLHDB\hzzgame\hzzlhdb\proj.win32\Debug.win32\"
         :VCEnd
         复制了 1 个文件
         复制了 2 个文件
         复制了 4 个文件
         复制了 2 个文件
         复制了 2 个文件
         复制了 3 个文件
         复制了 1 个文件
         复制了 1 个文件
         复制了 2 个文件
         复制了 2 个文件
         复制了 2 个文件
         复制了 2 个文件
         复制了 2 个文件
         复制了 6 个文件
         复制了 2 个文件
         复制了 2 个文件
       Link:
         libcocos2d.vcxproj -> D:\code\waibao\hzzgameLHDB\hzzgame\hzzlhdb\proj.win32\Debug.win32\libcocos2d.dll
     1>已完成生成项目“D:\code\waibao\hzzgameLHDB\hzzgame\hzzlhdb\cocos2d\cocos\2d\libcocos2d.vcxproj”(Build 个目标)的操作。

生成成功。

已用时间 00:00:01.54
