e:\hzzgame\hzzgame\cocos2d\cocos\editor-support\spine\proj.win32\release.win32\skeletonbounds.obj
e:\hzzgame\hzzgame\cocos2d\cocos\editor-support\spine\proj.win32\release.win32\skeleton.obj
e:\hzzgame\hzzgame\cocos2d\cocos\editor-support\spine\proj.win32\release.win32\regionattachment.obj
e:\hzzgame\hzzgame\cocos2d\cocos\editor-support\spine\proj.win32\release.win32\meshattachment.obj
e:\hzzgame\hzzgame\cocos2d\cocos\editor-support\spine\proj.win32\release.win32\json.obj
e:\hzzgame\hzzgame\cocos2d\cocos\editor-support\spine\proj.win32\release.win32\ikconstraintdata.obj
e:\hzzgame\hzzgame\cocos2d\cocos\editor-support\spine\proj.win32\release.win32\ikconstraint.obj
e:\hzzgame\hzzgame\cocos2d\cocos\editor-support\spine\proj.win32\release.win32\extension.obj
e:\hzzgame\hzzgame\cocos2d\cocos\editor-support\spine\proj.win32\release.win32\eventdata.obj
e:\hzzgame\hzzgame\cocos2d\cocos\editor-support\spine\proj.win32\release.win32\event.obj
e:\hzzgame\hzzgame\cocos2d\cocos\editor-support\spine\proj.win32\release.win32\boundingboxattachment.obj
e:\hzzgame\hzzgame\cocos2d\cocos\editor-support\spine\proj.win32\release.win32\bonedata.obj
e:\hzzgame\hzzgame\cocos2d\cocos\editor-support\spine\proj.win32\release.win32\bone.obj
e:\hzzgame\hzzgame\cocos2d\cocos\editor-support\spine\proj.win32\release.win32\attachmentloader.obj
e:\hzzgame\hzzgame\cocos2d\cocos\editor-support\spine\proj.win32\release.win32\attachment.obj
e:\hzzgame\hzzgame\cocos2d\cocos\editor-support\spine\proj.win32\release.win32\atlasattachmentloader.obj
e:\hzzgame\hzzgame\cocos2d\cocos\editor-support\spine\proj.win32\release.win32\atlas.obj
e:\hzzgame\hzzgame\cocos2d\cocos\editor-support\spine\proj.win32\release.win32\animationstatedata.obj
e:\hzzgame\hzzgame\cocos2d\cocos\editor-support\spine\proj.win32\release.win32\animationstate.obj
e:\hzzgame\hzzgame\cocos2d\cocos\editor-support\spine\proj.win32\release.win32\animation.obj
e:\hzzgame\hzzgame\cocos2d\cocos\editor-support\spine\proj.win32\release.win32\slotdata.obj
e:\hzzgame\hzzgame\cocos2d\cocos\editor-support\spine\proj.win32\release.win32\slot.obj
e:\hzzgame\hzzgame\cocos2d\cocos\editor-support\spine\proj.win32\release.win32\skinnedmeshattachment.obj
e:\hzzgame\hzzgame\cocos2d\cocos\editor-support\spine\proj.win32\release.win32\skin.obj
e:\hzzgame\hzzgame\cocos2d\cocos\editor-support\spine\proj.win32\release.win32\skeletonjson.obj
e:\hzzgame\hzzgame\cocos2d\cocos\editor-support\spine\proj.win32\release.win32\skeletondata.obj
e:\hzzgame\hzzgame\cocos2d\cocos\editor-support\spine\proj.win32\release.win32\spine-cocos2dx.obj
e:\hzzgame\hzzgame\cocos2d\cocos\editor-support\spine\proj.win32\release.win32\skeletonrenderer.obj
e:\hzzgame\hzzgame\cocos2d\cocos\editor-support\spine\proj.win32\release.win32\skeletonanimation.obj
e:\hzzgame\hzzgame\cocos2d\cocos\editor-support\spine\proj.win32\release.win32\polygonbatch.obj
e:\hzzgame\hzzgame\proj.win32\release.win32\libspine.lib
e:\hzzgamelhdb\hzzgame\cocos2d\cocos\editor-support\spine\proj.win32\release.win32\animation.obj
e:\hzzgamelhdb\hzzgame\cocos2d\cocos\editor-support\spine\proj.win32\release.win32\animationstate.obj
e:\hzzgamelhdb\hzzgame\cocos2d\cocos\editor-support\spine\proj.win32\release.win32\animationstatedata.obj
e:\hzzgamelhdb\hzzgame\cocos2d\cocos\editor-support\spine\proj.win32\release.win32\atlas.obj
e:\hzzgamelhdb\hzzgame\cocos2d\cocos\editor-support\spine\proj.win32\release.win32\atlasattachmentloader.obj
e:\hzzgamelhdb\hzzgame\cocos2d\cocos\editor-support\spine\proj.win32\release.win32\attachment.obj
e:\hzzgamelhdb\hzzgame\cocos2d\cocos\editor-support\spine\proj.win32\release.win32\attachmentloader.obj
e:\hzzgamelhdb\hzzgame\cocos2d\cocos\editor-support\spine\proj.win32\release.win32\bone.obj
e:\hzzgamelhdb\hzzgame\cocos2d\cocos\editor-support\spine\proj.win32\release.win32\bonedata.obj
e:\hzzgamelhdb\hzzgame\cocos2d\cocos\editor-support\spine\proj.win32\release.win32\boundingboxattachment.obj
e:\hzzgamelhdb\hzzgame\cocos2d\cocos\editor-support\spine\proj.win32\release.win32\event.obj
e:\hzzgamelhdb\hzzgame\cocos2d\cocos\editor-support\spine\proj.win32\release.win32\eventdata.obj
e:\hzzgamelhdb\hzzgame\cocos2d\cocos\editor-support\spine\proj.win32\release.win32\extension.obj
e:\hzzgamelhdb\hzzgame\cocos2d\cocos\editor-support\spine\proj.win32\release.win32\ikconstraint.obj
e:\hzzgamelhdb\hzzgame\cocos2d\cocos\editor-support\spine\proj.win32\release.win32\ikconstraintdata.obj
e:\hzzgamelhdb\hzzgame\cocos2d\cocos\editor-support\spine\proj.win32\release.win32\json.obj
e:\hzzgamelhdb\hzzgame\cocos2d\cocos\editor-support\spine\proj.win32\release.win32\meshattachment.obj
e:\hzzgamelhdb\hzzgame\cocos2d\cocos\editor-support\spine\proj.win32\release.win32\polygonbatch.obj
e:\hzzgamelhdb\hzzgame\cocos2d\cocos\editor-support\spine\proj.win32\release.win32\regionattachment.obj
e:\hzzgamelhdb\hzzgame\cocos2d\cocos\editor-support\spine\proj.win32\release.win32\skeleton.obj
e:\hzzgamelhdb\hzzgame\cocos2d\cocos\editor-support\spine\proj.win32\release.win32\skeletonanimation.obj
e:\hzzgamelhdb\hzzgame\cocos2d\cocos\editor-support\spine\proj.win32\release.win32\skeletonbounds.obj
e:\hzzgamelhdb\hzzgame\cocos2d\cocos\editor-support\spine\proj.win32\release.win32\skeletondata.obj
e:\hzzgamelhdb\hzzgame\cocos2d\cocos\editor-support\spine\proj.win32\release.win32\skeletonjson.obj
e:\hzzgamelhdb\hzzgame\cocos2d\cocos\editor-support\spine\proj.win32\release.win32\skeletonrenderer.obj
e:\hzzgamelhdb\hzzgame\cocos2d\cocos\editor-support\spine\proj.win32\release.win32\skin.obj
e:\hzzgamelhdb\hzzgame\cocos2d\cocos\editor-support\spine\proj.win32\release.win32\skinnedmeshattachment.obj
e:\hzzgamelhdb\hzzgame\cocos2d\cocos\editor-support\spine\proj.win32\release.win32\slot.obj
e:\hzzgamelhdb\hzzgame\cocos2d\cocos\editor-support\spine\proj.win32\release.win32\slotdata.obj
e:\hzzgamelhdb\hzzgame\cocos2d\cocos\editor-support\spine\proj.win32\release.win32\spine-cocos2dx.obj
e:\hzzgamelhdb\hzzgame\proj.win32\release.win32\libspine.lib
e:\hzzgamelhdb\hzzgame\cocos2d\cocos\editor-support\spine\proj.win32\release.win32\libspine.tlog\cl.command.1.tlog
e:\hzzgamelhdb\hzzgame\cocos2d\cocos\editor-support\spine\proj.win32\release.win32\libspine.tlog\cl.read.1.tlog
e:\hzzgamelhdb\hzzgame\cocos2d\cocos\editor-support\spine\proj.win32\release.win32\libspine.tlog\cl.write.1.tlog
e:\hzzgamelhdb\hzzgame\cocos2d\cocos\editor-support\spine\proj.win32\release.win32\libspine.tlog\lib-link.read.1.tlog
e:\hzzgamelhdb\hzzgame\cocos2d\cocos\editor-support\spine\proj.win32\release.win32\libspine.tlog\lib-link.write.1.tlog
e:\hzzgamelhdb\hzzgame\cocos2d\cocos\editor-support\spine\proj.win32\release.win32\libspine.tlog\lib.command.1.tlog
